2022-11-25 11:30:29,420 [main] INFO  com.example.demo.DemoApplication 55 - Starting DemoApplication using Java 17.0.4.1 on June4693-450G7 with PID 28072 (C:\Users\june.wu\Documents\GitHub\cameldemo1123_multifn\spring1124_multifn\demo\target\classes started by June.Wu in C:\Users\june.wu\Documents\GitHub\cameldemo1123_multifn\spring1124_multifn\demo)
2022-11-25 11:30:29,425 [main] INFO  com.example.demo.DemoApplication 645 - No active profile set, falling back to 1 default profile: "default"
2022-11-25 11:30:30,847 [main] INFO  o.s.b.w.e.tomcat.TomcatWebServer 108 - Tomcat initialized with port(s): 8080 (http)
2022-11-25 11:30:30,868 [main] INFO  o.a.coyote.http11.Http11NioProtocol 173 - Initializing ProtocolHandler ["http-nio-8080"]
2022-11-25 11:30:30,869 [main] INFO  o.a.catalina.core.StandardService 173 - Starting service [Tomcat]
2022-11-25 11:30:30,870 [main] INFO  o.a.catalina.core.StandardEngine 173 - Starting Servlet engine: [Apache Tomcat/9.0.69]
2022-11-25 11:30:31,045 [main] INFO  o.a.c.c.C.[Tomcat].[localhost].[/] 173 - Initializing Spring embedded WebApplicationContext
2022-11-25 11:30:31,045 [main] INFO  o.s.b.w.s.c.ServletWebServerApplicationContext 290 - Root WebApplicationContext: initialization completed in 1566 ms
2022-11-25 11:30:31,841 [main] INFO  o.a.coyote.http11.Http11NioProtocol 173 - Starting ProtocolHandler ["http-nio-8080"]
2022-11-25 11:30:31,867 [main] INFO  o.s.b.w.e.tomcat.TomcatWebServer 220 - Tomcat started on port(s): 8080 (http) with context path ''
2022-11-25 11:30:31,931 [main] INFO  o.a.c.i.engine.AbstractCamelContext 3004 - Apache Camel 3.17.0 (camel-2) is starting
2022-11-25 11:30:31,938 [main] INFO  o.a.c.i.engine.AbstractCamelContext 3165 - Routes startup (total:0 started:0)
2022-11-25 11:30:31,938 [main] INFO  o.a.c.i.engine.AbstractCamelContext 3194 - Apache Camel 3.17.0 (camel-2) started in 64ms (build:11ms init:48ms start:5ms)
2022-11-25 11:30:31,944 [main] INFO  com.example.demo.DemoApplication 61 - Started DemoApplication in 2.974 seconds (JVM running for 3.548)
2022-11-25 11:30:31,950 [main] INFO  com.example.demo.Camel 17 - 哈囉
2022-11-25 11:30:32,079 [main] INFO  o.a.c.component.file.FileEndpoint 126 - Endpoint is configured with noop=true so forcing endpoint to be idempotent as well
2022-11-25 11:30:32,079 [main] INFO  o.a.c.component.file.FileEndpoint 132 - Using default memory based idempotent repository with cache max size: 1000
2022-11-25 11:30:32,082 [main] INFO  o.a.c.i.engine.AbstractCamelContext 3004 - Apache Camel 3.17.0 (camel-3) is starting
2022-11-25 11:30:32,100 [main] INFO  o.a.c.i.engine.AbstractCamelContext 3165 - Routes startup (total:1 started:1)
2022-11-25 11:30:32,100 [main] INFO  o.a.c.i.engine.AbstractCamelContext 3170 -     Started route1 (file:///Users/june.wu/Desktop/cameltest/fileMove)
2022-11-25 11:30:32,100 [main] INFO  o.a.c.i.engine.AbstractCamelContext 3194 - Apache Camel 3.17.0 (camel-3) started in 120ms (build:3ms init:99ms start:18ms)
2022-11-25 11:30:33,114 [Camel (camel-3) thread #1 - file:///Users/june.wu/Desktop/cameltest/fileMove] INFO  route1 166 - {CamelFileAbsolute=true, CamelFileAbsolutePath=C:\Users\june.wu\Desktop\cameltest\fileMove\a.txt, CamelFileLastModified=1669271199421, CamelFileLength=11, CamelFileName=a.txt, CamelFileNameConsumed=a.txt, CamelFileNameOnly=a.txt, CamelFileParent=C:\Users\june.wu\Desktop\cameltest\fileMove, CamelFilePath=C:\Users\june.wu\Desktop\cameltest\fileMove\a.txt, CamelFileRelativePath=a.txt, CamelMessageTimestamp=1669271199421}
2022-11-25 11:30:33,116 [Camel (camel-3) thread #1 - file:///Users/june.wu/Desktop/cameltest/fileMove] INFO  route1 166 - 哈囉~~~~~
2022-11-25 11:30:33,120 [Camel (camel-3) thread #1 - file:///Users/june.wu/Desktop/cameltest/fileMove] INFO  route1 166 - {CamelFileAbsolute=true, CamelFileAbsolutePath=C:\Users\june.wu\Desktop\cameltest\fileMove\abc1.txt - 複製.txt, CamelFileLastModified=1669010181844, CamelFileLength=13, CamelFileName=abc1.txt - 複製.txt, CamelFileNameConsumed=abc1.txt - 複製.txt, CamelFileNameOnly=abc1.txt - 複製.txt, CamelFileParent=C:\Users\june.wu\Desktop\cameltest\fileMove, CamelFilePath=C:\Users\june.wu\Desktop\cameltest\fileMove\abc1.txt - 複製.txt, CamelFileRelativePath=abc1.txt - 複製.txt, CamelMessageTimestamp=1669010181844}
2022-11-25 11:30:33,121 [Camel (camel-3) thread #1 - file:///Users/june.wu/Desktop/cameltest/fileMove] INFO  route1 166 - hello 123 456
2022-11-25 11:30:33,124 [Camel (camel-3) thread #1 - file:///Users/june.wu/Desktop/cameltest/fileMove] INFO  route1 166 - {CamelFileAbsolute=true, CamelFileAbsolutePath=C:\Users\june.wu\Desktop\cameltest\fileMove\abc1.txt.txt, CamelFileLastModified=1669010181844, CamelFileLength=13, CamelFileName=abc1.txt.txt, CamelFileNameConsumed=abc1.txt.txt, CamelFileNameOnly=abc1.txt.txt, CamelFileParent=C:\Users\june.wu\Desktop\cameltest\fileMove, CamelFilePath=C:\Users\june.wu\Desktop\cameltest\fileMove\abc1.txt.txt, CamelFileRelativePath=abc1.txt.txt, CamelMessageTimestamp=1669010181844}
2022-11-25 11:30:33,124 [Camel (camel-3) thread #1 - file:///Users/june.wu/Desktop/cameltest/fileMove] INFO  route1 166 - hello 123 456
2022-11-25 11:30:33,126 [Camel (camel-3) thread #1 - file:///Users/june.wu/Desktop/cameltest/fileMove] INFO  route1 166 - {CamelFileAbsolute=true, CamelFileAbsolutePath=C:\Users\june.wu\Desktop\cameltest\fileMove\b.txt, CamelFileLastModified=1669271199421, CamelFileLength=11, CamelFileName=b.txt, CamelFileNameConsumed=b.txt, CamelFileNameOnly=b.txt, CamelFileParent=C:\Users\june.wu\Desktop\cameltest\fileMove, CamelFilePath=C:\Users\june.wu\Desktop\cameltest\fileMove\b.txt, CamelFileRelativePath=b.txt, CamelMessageTimestamp=1669271199421}
2022-11-25 11:30:33,126 [Camel (camel-3) thread #1 - file:///Users/june.wu/Desktop/cameltest/fileMove] INFO  route1 166 - 哈囉~~~~~
2022-11-25 11:30:33,128 [Camel (camel-3) thread #1 - file:///Users/june.wu/Desktop/cameltest/fileMove] INFO  route1 166 - {CamelFileAbsolute=true, CamelFileAbsolutePath=C:\Users\june.wu\Desktop\cameltest\fileMove\hi.txt.txt, CamelFileLastModified=1669017289161, CamelFileLength=17, CamelFileName=hi.txt.txt, CamelFileNameConsumed=hi.txt.txt, CamelFileNameOnly=hi.txt.txt, CamelFileParent=C:\Users\june.wu\Desktop\cameltest\fileMove, CamelFilePath=C:\Users\june.wu\Desktop\cameltest\fileMove\hi.txt.txt, CamelFileRelativePath=hi.txt.txt, CamelMessageTimestamp=1669017289161}
2022-11-25 11:30:33,128 [Camel (camel-3) thread #1 - file:///Users/june.wu/Desktop/cameltest/fileMove] INFO  route1 166 - hello 123 456 789
2022-11-25 11:30:33,130 [Camel (camel-3) thread #1 - file:///Users/june.wu/Desktop/cameltest/fileMove] INFO  route1 166 - {CamelFileAbsolute=true, CamelFileAbsolutePath=C:\Users\june.wu\Desktop\cameltest\fileMove\testapi1123-2.txt, CamelFileLastModified=1669262580064, CamelFileLength=732, CamelFileName=testapi1123-2.txt, CamelFileNameConsumed=testapi1123-2.txt, CamelFileNameOnly=testapi1123-2.txt, CamelFileParent=C:\Users\june.wu\Desktop\cameltest\fileMove, CamelFilePath=C:\Users\june.wu\Desktop\cameltest\fileMove\testapi1123-2.txt, CamelFileRelativePath=testapi1123-2.txt, CamelMessageTimestamp=1669262580064}
2022-11-25 11:30:33,131 [Camel (camel-3) thread #1 - file:///Users/june.wu/Desktop/cameltest/fileMove] INFO  route1 166 - 1234567890123456789012345678901234567890123456789012345678901234567890123456789012345678901234567890
123456789012345678901234567890123456789012345678901234567890123456789012345678901234567890123456789012345678901234567890123456789012345678901234567890123456789012345678901234567890123456789012345678901234567890123456789012345678901234567890123456789012345678901234567890123456789012345678901234567890123456789012345678901234567890123456789012345678901234567890123456789012345678901234567890123456789012345678901234567890123456789012345678901234567890123456789012345678901234567890123456789012345678901234567890123456789012345678901234567890123456789012345678901234567890123456789012345678901234567890123456789012345678901234567890
2022-11-25 11:30:33,133 [Camel (camel-3) thread #1 - file:///Users/june.wu/Desktop/cameltest/fileMove] INFO  route1 166 - {CamelFileAbsolute=true, CamelFileAbsolutePath=C:\Users\june.wu\Desktop\cameltest\fileMove\testapi1123.txt, CamelFileLastModified=1669262580064, CamelFileLength=732, CamelFileName=testapi1123.txt, CamelFileNameConsumed=testapi1123.txt, CamelFileNameOnly=testapi1123.txt, CamelFileParent=C:\Users\june.wu\Desktop\cameltest\fileMove, CamelFilePath=C:\Users\june.wu\Desktop\cameltest\fileMove\testapi1123.txt, CamelFileRelativePath=testapi1123.txt, CamelMessageTimestamp=1669262580064}
2022-11-25 11:30:33,133 [Camel (camel-3) thread #1 - file:///Users/june.wu/Desktop/cameltest/fileMove] INFO  route1 166 - 1234567890123456789012345678901234567890123456789012345678901234567890123456789012345678901234567890
123456789012345678901234567890123456789012345678901234567890123456789012345678901234567890123456789012345678901234567890123456789012345678901234567890123456789012345678901234567890123456789012345678901234567890123456789012345678901234567890123456789012345678901234567890123456789012345678901234567890123456789012345678901234567890123456789012345678901234567890123456789012345678901234567890123456789012345678901234567890123456789012345678901234567890123456789012345678901234567890123456789012345678901234567890123456789012345678901234567890123456789012345678901234567890123456789012345678901234567890123456789012345678901234567890
2022-11-25 11:30:42,104 [main] INFO  o.a.c.i.engine.AbstractCamelContext 3386 - Apache Camel 3.17.0 (camel-3) shutting down (timeout:45s)
2022-11-25 11:30:42,108 [main] INFO  o.a.c.i.engine.AbstractCamelContext 166 - Routes stopped (total:1 stopped:1)
2022-11-25 11:30:42,109 [main] INFO  o.a.c.i.engine.AbstractCamelContext 166 -     Stopped route1 (file:///Users/june.wu/Desktop/cameltest/fileMove)
2022-11-25 11:30:42,110 [main] INFO  o.a.c.i.engine.AbstractCamelContext 3525 - Apache Camel 3.17.0 (camel-3) shutdown in 6ms (uptime:10s28ms)
2022-11-25 11:30:42,110 [main] INFO  com.example.demo.Camel 41 - finally!
2022-11-25 11:31:09,790 [SpringApplicationShutdownHook] INFO  o.a.c.i.engine.AbstractCamelContext 3386 - Apache Camel 3.17.0 (camel-2) shutting down (timeout:45s)
2022-11-25 11:31:09,790 [SpringApplicationShutdownHook] INFO  o.a.c.i.engine.AbstractCamelContext 166 - Routes stopped (total:0 stopped:0)
2022-11-25 11:31:09,791 [SpringApplicationShutdownHook] INFO  o.a.c.i.engine.AbstractCamelContext 3525 - Apache Camel 3.17.0 (camel-2) shutdown in 1ms (uptime:37s858ms)
2022-11-25 11:34:31,927 [main] INFO  com.example.demo.DemoApplication 55 - Starting DemoApplication using Java 17.0.4.1 on June4693-450G7 with PID 20164 (C:\Users\june.wu\Documents\GitHub\cameldemo1123_multifn\spring1124_multifn\demo\target\classes started by June.Wu in C:\Users\june.wu\Documents\GitHub\cameldemo1123_multifn\spring1124_multifn\demo)
2022-11-25 11:34:31,932 [main] INFO  com.example.demo.DemoApplication 645 - No active profile set, falling back to 1 default profile: "default"
2022-11-25 11:34:33,336 [main] INFO  o.s.b.w.e.tomcat.TomcatWebServer 108 - Tomcat initialized with port(s): 8080 (http)
2022-11-25 11:34:33,346 [main] INFO  o.a.coyote.http11.Http11NioProtocol 173 - Initializing ProtocolHandler ["http-nio-8080"]
2022-11-25 11:34:33,346 [main] INFO  o.a.catalina.core.StandardService 173 - Starting service [Tomcat]
2022-11-25 11:34:33,346 [main] INFO  o.a.catalina.core.StandardEngine 173 - Starting Servlet engine: [Apache Tomcat/9.0.69]
2022-11-25 11:34:33,495 [main] INFO  o.a.c.c.C.[Tomcat].[localhost].[/] 173 - Initializing Spring embedded WebApplicationContext
2022-11-25 11:34:33,495 [main] INFO  o.s.b.w.s.c.ServletWebServerApplicationContext 290 - Root WebApplicationContext: initialization completed in 1509 ms
2022-11-25 11:34:34,281 [main] INFO  o.a.coyote.http11.Http11NioProtocol 173 - Starting ProtocolHandler ["http-nio-8080"]
2022-11-25 11:34:34,312 [main] INFO  o.s.b.w.e.tomcat.TomcatWebServer 220 - Tomcat started on port(s): 8080 (http) with context path ''
2022-11-25 11:34:34,371 [main] INFO  o.a.c.i.engine.AbstractCamelContext 3004 - Apache Camel 3.17.0 (camel-2) is starting
2022-11-25 11:34:34,377 [main] INFO  o.a.c.i.engine.AbstractCamelContext 3165 - Routes startup (total:0 started:0)
2022-11-25 11:34:34,377 [main] INFO  o.a.c.i.engine.AbstractCamelContext 3194 - Apache Camel 3.17.0 (camel-2) started in 61ms (build:10ms init:47ms start:4ms)
2022-11-25 11:34:34,384 [main] INFO  com.example.demo.DemoApplication 61 - Started DemoApplication in 2.892 seconds (JVM running for 3.437)
2022-11-25 11:34:34,391 [main] INFO  com.example.demo.Camel 17 - 哈囉
2022-11-25 11:34:34,521 [main] INFO  o.a.c.component.file.FileEndpoint 126 - Endpoint is configured with noop=true so forcing endpoint to be idempotent as well
2022-11-25 11:34:34,521 [main] INFO  o.a.c.component.file.FileEndpoint 132 - Using default memory based idempotent repository with cache max size: 1000
2022-11-25 11:34:34,524 [main] INFO  o.a.c.i.engine.AbstractCamelContext 3004 - Apache Camel 3.17.0 (camel-3) is starting
2022-11-25 11:34:34,540 [main] INFO  o.a.c.i.engine.AbstractCamelContext 3165 - Routes startup (total:1 started:1)
2022-11-25 11:34:34,540 [main] INFO  o.a.c.i.engine.AbstractCamelContext 3170 -     Started route1 (file:///Users/june.wu/Desktop/cameltest/fileMove)
2022-11-25 11:34:34,540 [main] INFO  o.a.c.i.engine.AbstractCamelContext 3194 - Apache Camel 3.17.0 (camel-3) started in 118ms (build:3ms init:99ms start:16ms)
2022-11-25 11:34:35,560 [Camel (camel-3) thread #1 - file:///Users/june.wu/Desktop/cameltest/fileMove] INFO  route1 166 - {CamelFileAbsolute=true, CamelFileAbsolutePath=C:\Users\june.wu\Desktop\cameltest\fileMove\a.txt, CamelFileLastModified=1669271199421, CamelFileLength=11, CamelFileName=a.txt, CamelFileNameConsumed=a.txt, CamelFileNameOnly=a.txt, CamelFileParent=C:\Users\june.wu\Desktop\cameltest\fileMove, CamelFilePath=C:\Users\june.wu\Desktop\cameltest\fileMove\a.txt, CamelFileRelativePath=a.txt, CamelMessageTimestamp=1669271199421}
2022-11-25 11:34:35,561 [Camel (camel-3) thread #1 - file:///Users/june.wu/Desktop/cameltest/fileMove] INFO  route1 166 - 哈囉~~~~~
2022-11-25 11:34:35,564 [Camel (camel-3) thread #1 - file:///Users/june.wu/Desktop/cameltest/fileMove] INFO  route1 166 - {CamelFileAbsolute=true, CamelFileAbsolutePath=C:\Users\june.wu\Desktop\cameltest\fileMove\abc1.txt - 複製.txt, CamelFileLastModified=1669010181844, CamelFileLength=13, CamelFileName=abc1.txt - 複製.txt, CamelFileNameConsumed=abc1.txt - 複製.txt, CamelFileNameOnly=abc1.txt - 複製.txt, CamelFileParent=C:\Users\june.wu\Desktop\cameltest\fileMove, CamelFilePath=C:\Users\june.wu\Desktop\cameltest\fileMove\abc1.txt - 複製.txt, CamelFileRelativePath=abc1.txt - 複製.txt, CamelMessageTimestamp=1669010181844}
2022-11-25 11:34:35,565 [Camel (camel-3) thread #1 - file:///Users/june.wu/Desktop/cameltest/fileMove] INFO  route1 166 - hello 123 456
2022-11-25 11:34:35,567 [Camel (camel-3) thread #1 - file:///Users/june.wu/Desktop/cameltest/fileMove] INFO  route1 166 - {CamelFileAbsolute=true, CamelFileAbsolutePath=C:\Users\june.wu\Desktop\cameltest\fileMove\abc1.txt.txt, CamelFileLastModified=1669010181844, CamelFileLength=13, CamelFileName=abc1.txt.txt, CamelFileNameConsumed=abc1.txt.txt, CamelFileNameOnly=abc1.txt.txt, CamelFileParent=C:\Users\june.wu\Desktop\cameltest\fileMove, CamelFilePath=C:\Users\june.wu\Desktop\cameltest\fileMove\abc1.txt.txt, CamelFileRelativePath=abc1.txt.txt, CamelMessageTimestamp=1669010181844}
2022-11-25 11:34:35,567 [Camel (camel-3) thread #1 - file:///Users/june.wu/Desktop/cameltest/fileMove] INFO  route1 166 - hello 123 456
2022-11-25 11:34:35,568 [Camel (camel-3) thread #1 - file:///Users/june.wu/Desktop/cameltest/fileMove] INFO  route1 166 - {CamelFileAbsolute=true, CamelFileAbsolutePath=C:\Users\june.wu\Desktop\cameltest\fileMove\b.txt, CamelFileLastModified=1669271199421, CamelFileLength=11, CamelFileName=b.txt, CamelFileNameConsumed=b.txt, CamelFileNameOnly=b.txt, CamelFileParent=C:\Users\june.wu\Desktop\cameltest\fileMove, CamelFilePath=C:\Users\june.wu\Desktop\cameltest\fileMove\b.txt, CamelFileRelativePath=b.txt, CamelMessageTimestamp=1669271199421}
2022-11-25 11:34:35,569 [Camel (camel-3) thread #1 - file:///Users/june.wu/Desktop/cameltest/fileMove] INFO  route1 166 - 哈囉~~~~~
2022-11-25 11:34:35,571 [Camel (camel-3) thread #1 - file:///Users/june.wu/Desktop/cameltest/fileMove] INFO  route1 166 - {CamelFileAbsolute=true, CamelFileAbsolutePath=C:\Users\june.wu\Desktop\cameltest\fileMove\hi.txt.txt, CamelFileLastModified=1669017289161, CamelFileLength=17, CamelFileName=hi.txt.txt, CamelFileNameConsumed=hi.txt.txt, CamelFileNameOnly=hi.txt.txt, CamelFileParent=C:\Users\june.wu\Desktop\cameltest\fileMove, CamelFilePath=C:\Users\june.wu\Desktop\cameltest\fileMove\hi.txt.txt, CamelFileRelativePath=hi.txt.txt, CamelMessageTimestamp=1669017289161}
2022-11-25 11:34:35,571 [Camel (camel-3) thread #1 - file:///Users/june.wu/Desktop/cameltest/fileMove] INFO  route1 166 - hello 123 456 789
2022-11-25 11:34:35,573 [Camel (camel-3) thread #1 - file:///Users/june.wu/Desktop/cameltest/fileMove] INFO  route1 166 - {CamelFileAbsolute=true, CamelFileAbsolutePath=C:\Users\june.wu\Desktop\cameltest\fileMove\testapi1123-2.txt, CamelFileLastModified=1669262580064, CamelFileLength=732, CamelFileName=testapi1123-2.txt, CamelFileNameConsumed=testapi1123-2.txt, CamelFileNameOnly=testapi1123-2.txt, CamelFileParent=C:\Users\june.wu\Desktop\cameltest\fileMove, CamelFilePath=C:\Users\june.wu\Desktop\cameltest\fileMove\testapi1123-2.txt, CamelFileRelativePath=testapi1123-2.txt, CamelMessageTimestamp=1669262580064}
2022-11-25 11:34:35,574 [Camel (camel-3) thread #1 - file:///Users/june.wu/Desktop/cameltest/fileMove] INFO  route1 166 - 1234567890123456789012345678901234567890123456789012345678901234567890123456789012345678901234567890
123456789012345678901234567890123456789012345678901234567890123456789012345678901234567890123456789012345678901234567890123456789012345678901234567890123456789012345678901234567890123456789012345678901234567890123456789012345678901234567890123456789012345678901234567890123456789012345678901234567890123456789012345678901234567890123456789012345678901234567890123456789012345678901234567890123456789012345678901234567890123456789012345678901234567890123456789012345678901234567890123456789012345678901234567890123456789012345678901234567890123456789012345678901234567890123456789012345678901234567890123456789012345678901234567890
2022-11-25 11:34:35,576 [Camel (camel-3) thread #1 - file:///Users/june.wu/Desktop/cameltest/fileMove] INFO  route1 166 - {CamelFileAbsolute=true, CamelFileAbsolutePath=C:\Users\june.wu\Desktop\cameltest\fileMove\testapi1123.txt, CamelFileLastModified=1669262580064, CamelFileLength=732, CamelFileName=testapi1123.txt, CamelFileNameConsumed=testapi1123.txt, CamelFileNameOnly=testapi1123.txt, CamelFileParent=C:\Users\june.wu\Desktop\cameltest\fileMove, CamelFilePath=C:\Users\june.wu\Desktop\cameltest\fileMove\testapi1123.txt, CamelFileRelativePath=testapi1123.txt, CamelMessageTimestamp=1669262580064}
2022-11-25 11:34:35,576 [Camel (camel-3) thread #1 - file:///Users/june.wu/Desktop/cameltest/fileMove] INFO  route1 166 - 1234567890123456789012345678901234567890123456789012345678901234567890123456789012345678901234567890
123456789012345678901234567890123456789012345678901234567890123456789012345678901234567890123456789012345678901234567890123456789012345678901234567890123456789012345678901234567890123456789012345678901234567890123456789012345678901234567890123456789012345678901234567890123456789012345678901234567890123456789012345678901234567890123456789012345678901234567890123456789012345678901234567890123456789012345678901234567890123456789012345678901234567890123456789012345678901234567890123456789012345678901234567890123456789012345678901234567890123456789012345678901234567890123456789012345678901234567890123456789012345678901234567890
2022-11-25 11:34:44,546 [main] INFO  o.a.c.i.engine.AbstractCamelContext 3386 - Apache Camel 3.17.0 (camel-3) shutting down (timeout:45s)
2022-11-25 11:34:44,550 [main] INFO  o.a.c.i.engine.AbstractCamelContext 166 - Routes stopped (total:1 stopped:1)
2022-11-25 11:34:44,550 [main] INFO  o.a.c.i.engine.AbstractCamelContext 166 -     Stopped route1 (file:///Users/june.wu/Desktop/cameltest/fileMove)
2022-11-25 11:34:44,552 [main] INFO  o.a.c.i.engine.AbstractCamelContext 3525 - Apache Camel 3.17.0 (camel-3) shutdown in 6ms (uptime:10s28ms)
2022-11-25 11:34:44,552 [main] INFO  com.example.demo.Camel 41 - finally!
2022-11-25 11:35:11,123 [SpringApplicationShutdownHook] INFO  o.a.c.i.engine.AbstractCamelContext 3386 - Apache Camel 3.17.0 (camel-2) shutting down (timeout:45s)
2022-11-25 11:35:11,123 [SpringApplicationShutdownHook] INFO  o.a.c.i.engine.AbstractCamelContext 166 - Routes stopped (total:0 stopped:0)
2022-11-25 11:35:11,123 [SpringApplicationShutdownHook] INFO  o.a.c.i.engine.AbstractCamelContext 3525 - Apache Camel 3.17.0 (camel-2) shutdown in 0ms (uptime:36s750ms)
2022-11-25 11:37:04,554 [main] INFO  com.example.demo.DemoApplication 55 - Starting DemoApplication using Java 17.0.4.1 on June4693-450G7 with PID 27608 (C:\Users\june.wu\Documents\GitHub\cameldemo1123_multifn\spring1124_multifn\demo\target\classes started by June.Wu in C:\Users\june.wu\Documents\GitHub\cameldemo1123_multifn\spring1124_multifn\demo)
2022-11-25 11:37:04,559 [main] INFO  com.example.demo.DemoApplication 645 - No active profile set, falling back to 1 default profile: "default"
2022-11-25 11:37:06,053 [main] INFO  o.s.b.w.e.tomcat.TomcatWebServer 108 - Tomcat initialized with port(s): 8080 (http)
2022-11-25 11:37:06,064 [main] INFO  o.a.coyote.http11.Http11NioProtocol 173 - Initializing ProtocolHandler ["http-nio-8080"]
2022-11-25 11:37:06,064 [main] INFO  o.a.catalina.core.StandardService 173 - Starting service [Tomcat]
2022-11-25 11:37:06,064 [main] INFO  o.a.catalina.core.StandardEngine 173 - Starting Servlet engine: [Apache Tomcat/9.0.69]
2022-11-25 11:37:06,202 [main] INFO  o.a.c.c.C.[Tomcat].[localhost].[/] 173 - Initializing Spring embedded WebApplicationContext
2022-11-25 11:37:06,202 [main] INFO  o.s.b.w.s.c.ServletWebServerApplicationContext 290 - Root WebApplicationContext: initialization completed in 1586 ms
2022-11-25 11:37:06,939 [main] INFO  o.a.coyote.http11.Http11NioProtocol 173 - Starting ProtocolHandler ["http-nio-8080"]
2022-11-25 11:37:06,966 [main] INFO  o.s.b.w.e.tomcat.TomcatWebServer 220 - Tomcat started on port(s): 8080 (http) with context path ''
2022-11-25 11:37:07,034 [main] INFO  o.a.c.i.engine.AbstractCamelContext 3004 - Apache Camel 3.17.0 (camel-2) is starting
2022-11-25 11:37:07,042 [main] INFO  o.a.c.i.engine.AbstractCamelContext 3165 - Routes startup (total:0 started:0)
2022-11-25 11:37:07,042 [main] INFO  o.a.c.i.engine.AbstractCamelContext 3194 - Apache Camel 3.17.0 (camel-2) started in 69ms (build:9ms init:54ms start:6ms)
2022-11-25 11:37:07,049 [main] INFO  com.example.demo.DemoApplication 61 - Started DemoApplication in 2.928 seconds (JVM running for 3.461)
2022-11-25 11:37:07,055 [main] INFO  com.example.demo.Camel 17 - 哈囉
2022-11-25 11:37:07,181 [main] INFO  o.a.c.component.file.FileEndpoint 126 - Endpoint is configured with noop=true so forcing endpoint to be idempotent as well
2022-11-25 11:37:07,181 [main] INFO  o.a.c.component.file.FileEndpoint 132 - Using default memory based idempotent repository with cache max size: 1000
2022-11-25 11:37:07,184 [main] INFO  o.a.c.i.engine.AbstractCamelContext 3004 - Apache Camel 3.17.0 (camel-3) is starting
2022-11-25 11:37:07,200 [main] INFO  o.a.c.i.engine.AbstractCamelContext 3165 - Routes startup (total:1 started:1)
2022-11-25 11:37:07,200 [main] INFO  o.a.c.i.engine.AbstractCamelContext 3170 -     Started route1 (file:///Users/june.wu/Desktop/cameltest/fileMove)
2022-11-25 11:37:07,200 [main] INFO  o.a.c.i.engine.AbstractCamelContext 3194 - Apache Camel 3.17.0 (camel-3) started in 117ms (build:3ms init:98ms start:16ms)
2022-11-25 11:37:08,222 [Camel (camel-3) thread #1 - file:///Users/june.wu/Desktop/cameltest/fileMove] INFO  route1 166 - {CamelFileAbsolute=true, CamelFileAbsolutePath=C:\Users\june.wu\Desktop\cameltest\fileMove\a.txt, CamelFileLastModified=1669271199421, CamelFileLength=11, CamelFileName=a.txt, CamelFileNameConsumed=a.txt, CamelFileNameOnly=a.txt, CamelFileParent=C:\Users\june.wu\Desktop\cameltest\fileMove, CamelFilePath=C:\Users\june.wu\Desktop\cameltest\fileMove\a.txt, CamelFileRelativePath=a.txt, CamelMessageTimestamp=1669271199421}
2022-11-25 11:37:08,224 [Camel (camel-3) thread #1 - file:///Users/june.wu/Desktop/cameltest/fileMove] INFO  route1 166 - 哈囉~~~~~
2022-11-25 11:37:08,228 [Camel (camel-3) thread #1 - file:///Users/june.wu/Desktop/cameltest/fileMove] INFO  route1 166 - {CamelFileAbsolute=true, CamelFileAbsolutePath=C:\Users\june.wu\Desktop\cameltest\fileMove\abc1.txt - 複製.txt, CamelFileLastModified=1669010181844, CamelFileLength=13, CamelFileName=abc1.txt - 複製.txt, CamelFileNameConsumed=abc1.txt - 複製.txt, CamelFileNameOnly=abc1.txt - 複製.txt, CamelFileParent=C:\Users\june.wu\Desktop\cameltest\fileMove, CamelFilePath=C:\Users\june.wu\Desktop\cameltest\fileMove\abc1.txt - 複製.txt, CamelFileRelativePath=abc1.txt - 複製.txt, CamelMessageTimestamp=1669010181844}
2022-11-25 11:37:08,228 [Camel (camel-3) thread #1 - file:///Users/june.wu/Desktop/cameltest/fileMove] INFO  route1 166 - hello 123 456
2022-11-25 11:37:08,230 [Camel (camel-3) thread #1 - file:///Users/june.wu/Desktop/cameltest/fileMove] INFO  route1 166 - {CamelFileAbsolute=true, CamelFileAbsolutePath=C:\Users\june.wu\Desktop\cameltest\fileMove\abc1.txt.txt, CamelFileLastModified=1669010181844, CamelFileLength=13, CamelFileName=abc1.txt.txt, CamelFileNameConsumed=abc1.txt.txt, CamelFileNameOnly=abc1.txt.txt, CamelFileParent=C:\Users\june.wu\Desktop\cameltest\fileMove, CamelFilePath=C:\Users\june.wu\Desktop\cameltest\fileMove\abc1.txt.txt, CamelFileRelativePath=abc1.txt.txt, CamelMessageTimestamp=1669010181844}
2022-11-25 11:37:08,231 [Camel (camel-3) thread #1 - file:///Users/june.wu/Desktop/cameltest/fileMove] INFO  route1 166 - hello 123 456
2022-11-25 11:37:08,232 [Camel (camel-3) thread #1 - file:///Users/june.wu/Desktop/cameltest/fileMove] INFO  route1 166 - {CamelFileAbsolute=true, CamelFileAbsolutePath=C:\Users\june.wu\Desktop\cameltest\fileMove\b.txt, CamelFileLastModified=1669271199421, CamelFileLength=11, CamelFileName=b.txt, CamelFileNameConsumed=b.txt, CamelFileNameOnly=b.txt, CamelFileParent=C:\Users\june.wu\Desktop\cameltest\fileMove, CamelFilePath=C:\Users\june.wu\Desktop\cameltest\fileMove\b.txt, CamelFileRelativePath=b.txt, CamelMessageTimestamp=1669271199421}
2022-11-25 11:37:08,233 [Camel (camel-3) thread #1 - file:///Users/june.wu/Desktop/cameltest/fileMove] INFO  route1 166 - 哈囉~~~~~
2022-11-25 11:37:08,235 [Camel (camel-3) thread #1 - file:///Users/june.wu/Desktop/cameltest/fileMove] INFO  route1 166 - {CamelFileAbsolute=true, CamelFileAbsolutePath=C:\Users\june.wu\Desktop\cameltest\fileMove\hi.txt.txt, CamelFileLastModified=1669017289161, CamelFileLength=17, CamelFileName=hi.txt.txt, CamelFileNameConsumed=hi.txt.txt, CamelFileNameOnly=hi.txt.txt, CamelFileParent=C:\Users\june.wu\Desktop\cameltest\fileMove, CamelFilePath=C:\Users\june.wu\Desktop\cameltest\fileMove\hi.txt.txt, CamelFileRelativePath=hi.txt.txt, CamelMessageTimestamp=1669017289161}
2022-11-25 11:37:08,235 [Camel (camel-3) thread #1 - file:///Users/june.wu/Desktop/cameltest/fileMove] INFO  route1 166 - hello 123 456 789
2022-11-25 11:37:08,237 [Camel (camel-3) thread #1 - file:///Users/june.wu/Desktop/cameltest/fileMove] INFO  route1 166 - {CamelFileAbsolute=true, CamelFileAbsolutePath=C:\Users\june.wu\Desktop\cameltest\fileMove\testapi1123-2.txt, CamelFileLastModified=1669262580064, CamelFileLength=732, CamelFileName=testapi1123-2.txt, CamelFileNameConsumed=testapi1123-2.txt, CamelFileNameOnly=testapi1123-2.txt, CamelFileParent=C:\Users\june.wu\Desktop\cameltest\fileMove, CamelFilePath=C:\Users\june.wu\Desktop\cameltest\fileMove\testapi1123-2.txt, CamelFileRelativePath=testapi1123-2.txt, CamelMessageTimestamp=1669262580064}
2022-11-25 11:37:08,238 [Camel (camel-3) thread #1 - file:///Users/june.wu/Desktop/cameltest/fileMove] INFO  route1 166 - 1234567890123456789012345678901234567890123456789012345678901234567890123456789012345678901234567890
123456789012345678901234567890123456789012345678901234567890123456789012345678901234567890123456789012345678901234567890123456789012345678901234567890123456789012345678901234567890123456789012345678901234567890123456789012345678901234567890123456789012345678901234567890123456789012345678901234567890123456789012345678901234567890123456789012345678901234567890123456789012345678901234567890123456789012345678901234567890123456789012345678901234567890123456789012345678901234567890123456789012345678901234567890123456789012345678901234567890123456789012345678901234567890123456789012345678901234567890123456789012345678901234567890
2022-11-25 11:37:08,240 [Camel (camel-3) thread #1 - file:///Users/june.wu/Desktop/cameltest/fileMove] INFO  route1 166 - {CamelFileAbsolute=true, CamelFileAbsolutePath=C:\Users\june.wu\Desktop\cameltest\fileMove\testapi1123.txt, CamelFileLastModified=1669262580064, CamelFileLength=732, CamelFileName=testapi1123.txt, CamelFileNameConsumed=testapi1123.txt, CamelFileNameOnly=testapi1123.txt, CamelFileParent=C:\Users\june.wu\Desktop\cameltest\fileMove, CamelFilePath=C:\Users\june.wu\Desktop\cameltest\fileMove\testapi1123.txt, CamelFileRelativePath=testapi1123.txt, CamelMessageTimestamp=1669262580064}
2022-11-25 11:37:08,241 [Camel (camel-3) thread #1 - file:///Users/june.wu/Desktop/cameltest/fileMove] INFO  route1 166 - 1234567890123456789012345678901234567890123456789012345678901234567890123456789012345678901234567890
123456789012345678901234567890123456789012345678901234567890123456789012345678901234567890123456789012345678901234567890123456789012345678901234567890123456789012345678901234567890123456789012345678901234567890123456789012345678901234567890123456789012345678901234567890123456789012345678901234567890123456789012345678901234567890123456789012345678901234567890123456789012345678901234567890123456789012345678901234567890123456789012345678901234567890123456789012345678901234567890123456789012345678901234567890123456789012345678901234567890123456789012345678901234567890123456789012345678901234567890123456789012345678901234567890
2022-11-25 11:37:09,155 [SpringApplicationShutdownHook] INFO  o.a.c.i.engine.AbstractCamelContext 3386 - Apache Camel 3.17.0 (camel-2) shutting down (timeout:45s)
2022-11-25 11:37:09,156 [SpringApplicationShutdownHook] INFO  o.a.c.i.engine.AbstractCamelContext 166 - Routes stopped (total:0 stopped:0)
2022-11-25 11:37:09,157 [SpringApplicationShutdownHook] INFO  o.a.c.i.engine.AbstractCamelContext 3525 - Apache Camel 3.17.0 (camel-2) shutdown in 2ms (uptime:2s121ms)
2022-11-25 11:38:14,148 [main] INFO  com.example.demo.DemoApplication 55 - Starting DemoApplication using Java 17.0.4.1 on June4693-450G7 with PID 28096 (C:\Users\june.wu\Documents\GitHub\cameldemo1123_multifn\spring1124_multifn\demo\target\classes started by June.Wu in C:\Users\june.wu\Documents\GitHub\cameldemo1123_multifn\spring1124_multifn\demo)
2022-11-25 11:38:14,153 [main] INFO  com.example.demo.DemoApplication 645 - No active profile set, falling back to 1 default profile: "default"
2022-11-25 11:38:15,633 [main] INFO  o.s.b.w.e.tomcat.TomcatWebServer 108 - Tomcat initialized with port(s): 8080 (http)
2022-11-25 11:38:15,643 [main] INFO  o.a.coyote.http11.Http11NioProtocol 173 - Initializing ProtocolHandler ["http-nio-8080"]
2022-11-25 11:38:15,644 [main] INFO  o.a.catalina.core.StandardService 173 - Starting service [Tomcat]
2022-11-25 11:38:15,644 [main] INFO  o.a.catalina.core.StandardEngine 173 - Starting Servlet engine: [Apache Tomcat/9.0.69]
2022-11-25 11:38:15,776 [main] INFO  o.a.c.c.C.[Tomcat].[localhost].[/] 173 - Initializing Spring embedded WebApplicationContext
2022-11-25 11:38:15,777 [main] INFO  o.s.b.w.s.c.ServletWebServerApplicationContext 290 - Root WebApplicationContext: initialization completed in 1567 ms
2022-11-25 11:38:16,523 [main] INFO  o.a.coyote.http11.Http11NioProtocol 173 - Starting ProtocolHandler ["http-nio-8080"]
2022-11-25 11:38:16,554 [main] INFO  o.s.b.w.e.tomcat.TomcatWebServer 220 - Tomcat started on port(s): 8080 (http) with context path ''
2022-11-25 11:38:16,616 [main] INFO  o.a.c.i.engine.AbstractCamelContext 3004 - Apache Camel 3.17.0 (camel-2) is starting
2022-11-25 11:38:16,622 [main] INFO  o.a.c.i.engine.AbstractCamelContext 3165 - Routes startup (total:0 started:0)
2022-11-25 11:38:16,622 [main] INFO  o.a.c.i.engine.AbstractCamelContext 3194 - Apache Camel 3.17.0 (camel-2) started in 64ms (build:10ms init:49ms start:5ms)
2022-11-25 11:38:16,628 [main] INFO  com.example.demo.DemoApplication 61 - Started DemoApplication in 2.91 seconds (JVM running for 3.428)
2022-11-25 11:38:16,634 [main] INFO  com.example.demo.Camel 17 - 哈囉
2022-11-25 11:38:16,757 [main] INFO  o.a.c.component.file.FileEndpoint 126 - Endpoint is configured with noop=true so forcing endpoint to be idempotent as well
2022-11-25 11:38:16,757 [main] INFO  o.a.c.component.file.FileEndpoint 132 - Using default memory based idempotent repository with cache max size: 1000
2022-11-25 11:38:16,760 [main] INFO  o.a.c.i.engine.AbstractCamelContext 3004 - Apache Camel 3.17.0 (camel-3) is starting
2022-11-25 11:38:16,775 [main] INFO  o.a.c.i.engine.AbstractCamelContext 3165 - Routes startup (total:1 started:1)
2022-11-25 11:38:16,775 [main] INFO  o.a.c.i.engine.AbstractCamelContext 3170 -     Started route1 (file:///Users/june.wu/Desktop/cameltest/fileMove)
2022-11-25 11:38:16,775 [main] INFO  o.a.c.i.engine.AbstractCamelContext 3194 - Apache Camel 3.17.0 (camel-3) started in 114ms (build:3ms init:96ms start:15ms)
2022-11-25 11:38:17,788 [Camel (camel-3) thread #1 - file:///Users/june.wu/Desktop/cameltest/fileMove] INFO  route1 166 - {CamelFileAbsolute=true, CamelFileAbsolutePath=C:\Users\june.wu\Desktop\cameltest\fileMove\a.txt, CamelFileLastModified=1669271199421, CamelFileLength=11, CamelFileName=a.txt, CamelFileNameConsumed=a.txt, CamelFileNameOnly=a.txt, CamelFileParent=C:\Users\june.wu\Desktop\cameltest\fileMove, CamelFilePath=C:\Users\june.wu\Desktop\cameltest\fileMove\a.txt, CamelFileRelativePath=a.txt, CamelMessageTimestamp=1669271199421}
2022-11-25 11:38:17,789 [Camel (camel-3) thread #1 - file:///Users/june.wu/Desktop/cameltest/fileMove] INFO  route1 166 - 哈囉~~~~~
2022-11-25 11:38:17,793 [Camel (camel-3) thread #1 - file:///Users/june.wu/Desktop/cameltest/fileMove] INFO  route1 166 - {CamelFileAbsolute=true, CamelFileAbsolutePath=C:\Users\june.wu\Desktop\cameltest\fileMove\abc1.txt - 複製.txt, CamelFileLastModified=1669010181844, CamelFileLength=13, CamelFileName=abc1.txt - 複製.txt, CamelFileNameConsumed=abc1.txt - 複製.txt, CamelFileNameOnly=abc1.txt - 複製.txt, CamelFileParent=C:\Users\june.wu\Desktop\cameltest\fileMove, CamelFilePath=C:\Users\june.wu\Desktop\cameltest\fileMove\abc1.txt - 複製.txt, CamelFileRelativePath=abc1.txt - 複製.txt, CamelMessageTimestamp=1669010181844}
2022-11-25 11:38:17,794 [Camel (camel-3) thread #1 - file:///Users/june.wu/Desktop/cameltest/fileMove] INFO  route1 166 - hello 123 456
2022-11-25 11:38:17,796 [Camel (camel-3) thread #1 - file:///Users/june.wu/Desktop/cameltest/fileMove] INFO  route1 166 - {CamelFileAbsolute=true, CamelFileAbsolutePath=C:\Users\june.wu\Desktop\cameltest\fileMove\abc1.txt.txt, CamelFileLastModified=1669010181844, CamelFileLength=13, CamelFileName=abc1.txt.txt, CamelFileNameConsumed=abc1.txt.txt, CamelFileNameOnly=abc1.txt.txt, CamelFileParent=C:\Users\june.wu\Desktop\cameltest\fileMove, CamelFilePath=C:\Users\june.wu\Desktop\cameltest\fileMove\abc1.txt.txt, CamelFileRelativePath=abc1.txt.txt, CamelMessageTimestamp=1669010181844}
2022-11-25 11:38:17,796 [Camel (camel-3) thread #1 - file:///Users/june.wu/Desktop/cameltest/fileMove] INFO  route1 166 - hello 123 456
2022-11-25 11:38:17,798 [Camel (camel-3) thread #1 - file:///Users/june.wu/Desktop/cameltest/fileMove] INFO  route1 166 - {CamelFileAbsolute=true, CamelFileAbsolutePath=C:\Users\june.wu\Desktop\cameltest\fileMove\b.txt, CamelFileLastModified=1669271199421, CamelFileLength=11, CamelFileName=b.txt, CamelFileNameConsumed=b.txt, CamelFileNameOnly=b.txt, CamelFileParent=C:\Users\june.wu\Desktop\cameltest\fileMove, CamelFilePath=C:\Users\june.wu\Desktop\cameltest\fileMove\b.txt, CamelFileRelativePath=b.txt, CamelMessageTimestamp=1669271199421}
2022-11-25 11:38:17,798 [Camel (camel-3) thread #1 - file:///Users/june.wu/Desktop/cameltest/fileMove] INFO  route1 166 - 哈囉~~~~~
2022-11-25 11:38:17,800 [Camel (camel-3) thread #1 - file:///Users/june.wu/Desktop/cameltest/fileMove] INFO  route1 166 - {CamelFileAbsolute=true, CamelFileAbsolutePath=C:\Users\june.wu\Desktop\cameltest\fileMove\hi.txt.txt, CamelFileLastModified=1669017289161, CamelFileLength=17, CamelFileName=hi.txt.txt, CamelFileNameConsumed=hi.txt.txt, CamelFileNameOnly=hi.txt.txt, CamelFileParent=C:\Users\june.wu\Desktop\cameltest\fileMove, CamelFilePath=C:\Users\june.wu\Desktop\cameltest\fileMove\hi.txt.txt, CamelFileRelativePath=hi.txt.txt, CamelMessageTimestamp=1669017289161}
2022-11-25 11:38:17,801 [Camel (camel-3) thread #1 - file:///Users/june.wu/Desktop/cameltest/fileMove] INFO  route1 166 - hello 123 456 789
2022-11-25 11:38:17,802 [Camel (camel-3) thread #1 - file:///Users/june.wu/Desktop/cameltest/fileMove] INFO  route1 166 - {CamelFileAbsolute=true, CamelFileAbsolutePath=C:\Users\june.wu\Desktop\cameltest\fileMove\testapi1123-2.txt, CamelFileLastModified=1669262580064, CamelFileLength=732, CamelFileName=testapi1123-2.txt, CamelFileNameConsumed=testapi1123-2.txt, CamelFileNameOnly=testapi1123-2.txt, CamelFileParent=C:\Users\june.wu\Desktop\cameltest\fileMove, CamelFilePath=C:\Users\june.wu\Desktop\cameltest\fileMove\testapi1123-2.txt, CamelFileRelativePath=testapi1123-2.txt, CamelMessageTimestamp=1669262580064}
2022-11-25 11:38:17,803 [Camel (camel-3) thread #1 - file:///Users/june.wu/Desktop/cameltest/fileMove] INFO  route1 166 - 1234567890123456789012345678901234567890123456789012345678901234567890123456789012345678901234567890
123456789012345678901234567890123456789012345678901234567890123456789012345678901234567890123456789012345678901234567890123456789012345678901234567890123456789012345678901234567890123456789012345678901234567890123456789012345678901234567890123456789012345678901234567890123456789012345678901234567890123456789012345678901234567890123456789012345678901234567890123456789012345678901234567890123456789012345678901234567890123456789012345678901234567890123456789012345678901234567890123456789012345678901234567890123456789012345678901234567890123456789012345678901234567890123456789012345678901234567890123456789012345678901234567890
2022-11-25 11:38:17,805 [Camel (camel-3) thread #1 - file:///Users/june.wu/Desktop/cameltest/fileMove] INFO  route1 166 - {CamelFileAbsolute=true, CamelFileAbsolutePath=C:\Users\june.wu\Desktop\cameltest\fileMove\testapi1123.txt, CamelFileLastModified=1669262580064, CamelFileLength=732, CamelFileName=testapi1123.txt, CamelFileNameConsumed=testapi1123.txt, CamelFileNameOnly=testapi1123.txt, CamelFileParent=C:\Users\june.wu\Desktop\cameltest\fileMove, CamelFilePath=C:\Users\june.wu\Desktop\cameltest\fileMove\testapi1123.txt, CamelFileRelativePath=testapi1123.txt, CamelMessageTimestamp=1669262580064}
2022-11-25 11:38:17,806 [Camel (camel-3) thread #1 - file:///Users/june.wu/Desktop/cameltest/fileMove] INFO  route1 166 - 1234567890123456789012345678901234567890123456789012345678901234567890123456789012345678901234567890
123456789012345678901234567890123456789012345678901234567890123456789012345678901234567890123456789012345678901234567890123456789012345678901234567890123456789012345678901234567890123456789012345678901234567890123456789012345678901234567890123456789012345678901234567890123456789012345678901234567890123456789012345678901234567890123456789012345678901234567890123456789012345678901234567890123456789012345678901234567890123456789012345678901234567890123456789012345678901234567890123456789012345678901234567890123456789012345678901234567890123456789012345678901234567890123456789012345678901234567890123456789012345678901234567890
2022-11-25 11:38:26,787 [main] INFO  o.a.c.i.engine.AbstractCamelContext 3386 - Apache Camel 3.17.0 (camel-3) shutting down (timeout:45s)
2022-11-25 11:38:26,793 [main] INFO  o.a.c.i.engine.AbstractCamelContext 166 - Routes stopped (total:1 stopped:1)
2022-11-25 11:38:26,795 [main] INFO  o.a.c.i.engine.AbstractCamelContext 166 -     Stopped route1 (file:///Users/june.wu/Desktop/cameltest/fileMove)
2022-11-25 11:38:26,795 [main] INFO  o.a.c.i.engine.AbstractCamelContext 3525 - Apache Camel 3.17.0 (camel-3) shutdown in 8ms (uptime:10s35ms)
2022-11-25 11:38:26,795 [main] INFO  com.example.demo.Camel 41 - finally!
2022-11-25 11:39:15,616 [SpringApplicationShutdownHook] INFO  o.a.c.i.engine.AbstractCamelContext 3386 - Apache Camel 3.17.0 (camel-2) shutting down (timeout:45s)
2022-11-25 11:39:15,616 [SpringApplicationShutdownHook] INFO  o.a.c.i.engine.AbstractCamelContext 166 - Routes stopped (total:0 stopped:0)
2022-11-25 11:39:15,617 [SpringApplicationShutdownHook] INFO  o.a.c.i.engine.AbstractCamelContext 3525 - Apache Camel 3.17.0 (camel-2) shutdown in 1ms (uptime:59s)
2022-11-25 11:40:08,707 [main] INFO  com.example.demo.DemoApplication 55 - Starting DemoApplication using Java 17.0.4.1 on June4693-450G7 with PID 15044 (C:\Users\june.wu\Documents\GitHub\cameldemo1123_multifn\spring1124_multifn\demo\target\classes started by June.Wu in C:\Users\june.wu\Documents\GitHub\cameldemo1123_multifn\spring1124_multifn\demo)
2022-11-25 11:40:08,711 [main] INFO  com.example.demo.DemoApplication 645 - No active profile set, falling back to 1 default profile: "default"
2022-11-25 11:40:10,050 [main] INFO  o.s.b.w.e.tomcat.TomcatWebServer 108 - Tomcat initialized with port(s): 8080 (http)
2022-11-25 11:40:10,061 [main] INFO  o.a.coyote.http11.Http11NioProtocol 173 - Initializing ProtocolHandler ["http-nio-8080"]
2022-11-25 11:40:10,062 [main] INFO  o.a.catalina.core.StandardService 173 - Starting service [Tomcat]
2022-11-25 11:40:10,062 [main] INFO  o.a.catalina.core.StandardEngine 173 - Starting Servlet engine: [Apache Tomcat/9.0.69]
2022-11-25 11:40:10,202 [main] INFO  o.a.c.c.C.[Tomcat].[localhost].[/] 173 - Initializing Spring embedded WebApplicationContext
2022-11-25 11:40:10,202 [main] INFO  o.s.b.w.s.c.ServletWebServerApplicationContext 290 - Root WebApplicationContext: initialization completed in 1437 ms
2022-11-25 11:40:10,931 [main] INFO  o.a.coyote.http11.Http11NioProtocol 173 - Starting ProtocolHandler ["http-nio-8080"]
2022-11-25 11:40:10,957 [main] INFO  o.s.b.w.e.tomcat.TomcatWebServer 220 - Tomcat started on port(s): 8080 (http) with context path ''
2022-11-25 11:40:11,027 [main] INFO  o.a.c.i.engine.AbstractCamelContext 3004 - Apache Camel 3.17.0 (camel-2) is starting
2022-11-25 11:40:11,033 [main] INFO  o.a.c.i.engine.AbstractCamelContext 3165 - Routes startup (total:0 started:0)
2022-11-25 11:40:11,033 [main] INFO  o.a.c.i.engine.AbstractCamelContext 3194 - Apache Camel 3.17.0 (camel-2) started in 73ms (build:11ms init:57ms start:5ms)
2022-11-25 11:40:11,039 [main] INFO  com.example.demo.DemoApplication 61 - Started DemoApplication in 2.751 seconds (JVM running for 3.264)
2022-11-25 11:40:11,045 [main] ERROR com.example.demo.Camel 17 - 哈囉
2022-11-25 11:40:11,174 [main] INFO  o.a.c.component.file.FileEndpoint 126 - Endpoint is configured with noop=true so forcing endpoint to be idempotent as well
2022-11-25 11:40:11,174 [main] INFO  o.a.c.component.file.FileEndpoint 132 - Using default memory based idempotent repository with cache max size: 1000
2022-11-25 11:40:11,176 [main] INFO  o.a.c.i.engine.AbstractCamelContext 3004 - Apache Camel 3.17.0 (camel-3) is starting
2022-11-25 11:40:11,193 [main] INFO  o.a.c.i.engine.AbstractCamelContext 3165 - Routes startup (total:1 started:1)
2022-11-25 11:40:11,194 [main] INFO  o.a.c.i.engine.AbstractCamelContext 3170 -     Started route1 (file:///Users/june.wu/Desktop/cameltest/fileMove)
2022-11-25 11:40:11,194 [main] INFO  o.a.c.i.engine.AbstractCamelContext 3194 - Apache Camel 3.17.0 (camel-3) started in 118ms (build:2ms init:98ms start:18ms)
2022-11-25 11:40:12,207 [Camel (camel-3) thread #1 - file:///Users/june.wu/Desktop/cameltest/fileMove] INFO  route1 166 - {CamelFileAbsolute=true, CamelFileAbsolutePath=C:\Users\june.wu\Desktop\cameltest\fileMove\a.txt, CamelFileLastModified=1669271199421, CamelFileLength=11, CamelFileName=a.txt, CamelFileNameConsumed=a.txt, CamelFileNameOnly=a.txt, CamelFileParent=C:\Users\june.wu\Desktop\cameltest\fileMove, CamelFilePath=C:\Users\june.wu\Desktop\cameltest\fileMove\a.txt, CamelFileRelativePath=a.txt, CamelMessageTimestamp=1669271199421}
2022-11-25 11:40:12,209 [Camel (camel-3) thread #1 - file:///Users/june.wu/Desktop/cameltest/fileMove] INFO  route1 166 - 哈囉~~~~~
2022-11-25 11:40:12,213 [Camel (camel-3) thread #1 - file:///Users/june.wu/Desktop/cameltest/fileMove] INFO  route1 166 - {CamelFileAbsolute=true, CamelFileAbsolutePath=C:\Users\june.wu\Desktop\cameltest\fileMove\abc1.txt - 複製.txt, CamelFileLastModified=1669010181844, CamelFileLength=13, CamelFileName=abc1.txt - 複製.txt, CamelFileNameConsumed=abc1.txt - 複製.txt, CamelFileNameOnly=abc1.txt - 複製.txt, CamelFileParent=C:\Users\june.wu\Desktop\cameltest\fileMove, CamelFilePath=C:\Users\june.wu\Desktop\cameltest\fileMove\abc1.txt - 複製.txt, CamelFileRelativePath=abc1.txt - 複製.txt, CamelMessageTimestamp=1669010181844}
2022-11-25 11:40:12,213 [Camel (camel-3) thread #1 - file:///Users/june.wu/Desktop/cameltest/fileMove] INFO  route1 166 - hello 123 456
2022-11-25 11:40:12,215 [Camel (camel-3) thread #1 - file:///Users/june.wu/Desktop/cameltest/fileMove] INFO  route1 166 - {CamelFileAbsolute=true, CamelFileAbsolutePath=C:\Users\june.wu\Desktop\cameltest\fileMove\abc1.txt.txt, CamelFileLastModified=1669010181844, CamelFileLength=13, CamelFileName=abc1.txt.txt, CamelFileNameConsumed=abc1.txt.txt, CamelFileNameOnly=abc1.txt.txt, CamelFileParent=C:\Users\june.wu\Desktop\cameltest\fileMove, CamelFilePath=C:\Users\june.wu\Desktop\cameltest\fileMove\abc1.txt.txt, CamelFileRelativePath=abc1.txt.txt, CamelMessageTimestamp=1669010181844}
2022-11-25 11:40:12,216 [Camel (camel-3) thread #1 - file:///Users/june.wu/Desktop/cameltest/fileMove] INFO  route1 166 - hello 123 456
2022-11-25 11:40:12,218 [Camel (camel-3) thread #1 - file:///Users/june.wu/Desktop/cameltest/fileMove] INFO  route1 166 - {CamelFileAbsolute=true, CamelFileAbsolutePath=C:\Users\june.wu\Desktop\cameltest\fileMove\b.txt, CamelFileLastModified=1669271199421, CamelFileLength=11, CamelFileName=b.txt, CamelFileNameConsumed=b.txt, CamelFileNameOnly=b.txt, CamelFileParent=C:\Users\june.wu\Desktop\cameltest\fileMove, CamelFilePath=C:\Users\june.wu\Desktop\cameltest\fileMove\b.txt, CamelFileRelativePath=b.txt, CamelMessageTimestamp=1669271199421}
2022-11-25 11:40:12,218 [Camel (camel-3) thread #1 - file:///Users/june.wu/Desktop/cameltest/fileMove] INFO  route1 166 - 哈囉~~~~~
2022-11-25 11:40:12,220 [Camel (camel-3) thread #1 - file:///Users/june.wu/Desktop/cameltest/fileMove] INFO  route1 166 - {CamelFileAbsolute=true, CamelFileAbsolutePath=C:\Users\june.wu\Desktop\cameltest\fileMove\hi.txt.txt, CamelFileLastModified=1669017289161, CamelFileLength=17, CamelFileName=hi.txt.txt, CamelFileNameConsumed=hi.txt.txt, CamelFileNameOnly=hi.txt.txt, CamelFileParent=C:\Users\june.wu\Desktop\cameltest\fileMove, CamelFilePath=C:\Users\june.wu\Desktop\cameltest\fileMove\hi.txt.txt, CamelFileRelativePath=hi.txt.txt, CamelMessageTimestamp=1669017289161}
2022-11-25 11:40:12,221 [Camel (camel-3) thread #1 - file:///Users/june.wu/Desktop/cameltest/fileMove] INFO  route1 166 - hello 123 456 789
2022-11-25 11:40:12,222 [Camel (camel-3) thread #1 - file:///Users/june.wu/Desktop/cameltest/fileMove] INFO  route1 166 - {CamelFileAbsolute=true, CamelFileAbsolutePath=C:\Users\june.wu\Desktop\cameltest\fileMove\testapi1123-2.txt, CamelFileLastModified=1669262580064, CamelFileLength=732, CamelFileName=testapi1123-2.txt, CamelFileNameConsumed=testapi1123-2.txt, CamelFileNameOnly=testapi1123-2.txt, CamelFileParent=C:\Users\june.wu\Desktop\cameltest\fileMove, CamelFilePath=C:\Users\june.wu\Desktop\cameltest\fileMove\testapi1123-2.txt, CamelFileRelativePath=testapi1123-2.txt, CamelMessageTimestamp=1669262580064}
2022-11-25 11:40:12,223 [Camel (camel-3) thread #1 - file:///Users/june.wu/Desktop/cameltest/fileMove] INFO  route1 166 - 1234567890123456789012345678901234567890123456789012345678901234567890123456789012345678901234567890
123456789012345678901234567890123456789012345678901234567890123456789012345678901234567890123456789012345678901234567890123456789012345678901234567890123456789012345678901234567890123456789012345678901234567890123456789012345678901234567890123456789012345678901234567890123456789012345678901234567890123456789012345678901234567890123456789012345678901234567890123456789012345678901234567890123456789012345678901234567890123456789012345678901234567890123456789012345678901234567890123456789012345678901234567890123456789012345678901234567890123456789012345678901234567890123456789012345678901234567890123456789012345678901234567890
2022-11-25 11:40:12,224 [Camel (camel-3) thread #1 - file:///Users/june.wu/Desktop/cameltest/fileMove] INFO  route1 166 - {CamelFileAbsolute=true, CamelFileAbsolutePath=C:\Users\june.wu\Desktop\cameltest\fileMove\testapi1123.txt, CamelFileLastModified=1669262580064, CamelFileLength=732, CamelFileName=testapi1123.txt, CamelFileNameConsumed=testapi1123.txt, CamelFileNameOnly=testapi1123.txt, CamelFileParent=C:\Users\june.wu\Desktop\cameltest\fileMove, CamelFilePath=C:\Users\june.wu\Desktop\cameltest\fileMove\testapi1123.txt, CamelFileRelativePath=testapi1123.txt, CamelMessageTimestamp=1669262580064}
2022-11-25 11:40:12,225 [Camel (camel-3) thread #1 - file:///Users/june.wu/Desktop/cameltest/fileMove] INFO  route1 166 - 1234567890123456789012345678901234567890123456789012345678901234567890123456789012345678901234567890
123456789012345678901234567890123456789012345678901234567890123456789012345678901234567890123456789012345678901234567890123456789012345678901234567890123456789012345678901234567890123456789012345678901234567890123456789012345678901234567890123456789012345678901234567890123456789012345678901234567890123456789012345678901234567890123456789012345678901234567890123456789012345678901234567890123456789012345678901234567890123456789012345678901234567890123456789012345678901234567890123456789012345678901234567890123456789012345678901234567890123456789012345678901234567890123456789012345678901234567890123456789012345678901234567890
2022-11-25 11:40:17,370 [SpringApplicationShutdownHook] INFO  o.a.c.i.engine.AbstractCamelContext 3386 - Apache Camel 3.17.0 (camel-2) shutting down (timeout:45s)
2022-11-25 11:40:17,371 [SpringApplicationShutdownHook] INFO  o.a.c.i.engine.AbstractCamelContext 166 - Routes stopped (total:0 stopped:0)
2022-11-25 11:40:17,372 [SpringApplicationShutdownHook] INFO  o.a.c.i.engine.AbstractCamelContext 3525 - Apache Camel 3.17.0 (camel-2) shutdown in 2ms (uptime:6s344ms)
2022-11-25 12:01:40,217 [main] INFO  com.example.demo.DemoApplication 55 - Starting DemoApplication using Java 17.0.4.1 on June4693-450G7 with PID 9076 (C:\Users\june.wu\Documents\GitHub\cameldemo1123_multifn\spring1124_multifn\demo\target\classes started by June.Wu in C:\Users\june.wu\Documents\GitHub\cameldemo1123_multifn\spring1124_multifn\demo)
2022-11-25 12:01:40,222 [main] INFO  com.example.demo.DemoApplication 645 - No active profile set, falling back to 1 default profile: "default"
2022-11-25 12:01:41,676 [main] INFO  o.s.b.w.e.tomcat.TomcatWebServer 108 - Tomcat initialized with port(s): 8080 (http)
2022-11-25 12:01:41,686 [main] INFO  o.a.coyote.http11.Http11NioProtocol 173 - Initializing ProtocolHandler ["http-nio-8080"]
2022-11-25 12:01:41,687 [main] INFO  o.a.catalina.core.StandardService 173 - Starting service [Tomcat]
2022-11-25 12:01:41,688 [main] INFO  o.a.catalina.core.StandardEngine 173 - Starting Servlet engine: [Apache Tomcat/9.0.69]
2022-11-25 12:01:41,830 [main] INFO  o.a.c.c.C.[Tomcat].[localhost].[/] 173 - Initializing Spring embedded WebApplicationContext
2022-11-25 12:01:41,831 [main] INFO  o.s.b.w.s.c.ServletWebServerApplicationContext 290 - Root WebApplicationContext: initialization completed in 1557 ms
2022-11-25 12:01:42,612 [main] INFO  o.a.coyote.http11.Http11NioProtocol 173 - Starting ProtocolHandler ["http-nio-8080"]
2022-11-25 12:01:42,674 [main] INFO  o.s.b.w.e.tomcat.TomcatWebServer 220 - Tomcat started on port(s): 8080 (http) with context path ''
2022-11-25 12:01:42,785 [main] INFO  o.a.c.i.engine.AbstractCamelContext 3004 - Apache Camel 3.17.0 (camel-2) is starting
2022-11-25 12:01:42,793 [main] INFO  o.a.c.i.engine.AbstractCamelContext 3165 - Routes startup (total:0 started:0)
2022-11-25 12:01:42,793 [main] INFO  o.a.c.i.engine.AbstractCamelContext 3194 - Apache Camel 3.17.0 (camel-2) started in 113ms (build:14ms init:94ms start:5ms)
2022-11-25 12:01:42,800 [main] INFO  com.example.demo.DemoApplication 61 - Started DemoApplication in 3.012 seconds (JVM running for 3.542)
2022-11-25 12:01:42,807 [main] ERROR com.example.demo.Camel 17 - 哈囉
2022-11-25 12:01:42,942 [main] INFO  o.a.c.component.file.FileEndpoint 126 - Endpoint is configured with noop=true so forcing endpoint to be idempotent as well
2022-11-25 12:01:42,943 [main] INFO  o.a.c.component.file.FileEndpoint 132 - Using default memory based idempotent repository with cache max size: 1000
2022-11-25 12:01:42,945 [main] INFO  o.a.c.i.engine.AbstractCamelContext 3004 - Apache Camel 3.17.0 (camel-3) is starting
2022-11-25 12:01:42,964 [main] INFO  o.a.c.i.engine.AbstractCamelContext 3165 - Routes startup (total:1 started:1)
2022-11-25 12:01:42,964 [main] INFO  o.a.c.i.engine.AbstractCamelContext 3170 -     Started route1 (file:///Users/june.wu/Desktop/cameltest/fileMove)
2022-11-25 12:01:42,964 [main] INFO  o.a.c.i.engine.AbstractCamelContext 3194 - Apache Camel 3.17.0 (camel-3) started in 127ms (build:4ms init:104ms start:19ms)
2022-11-25 12:01:43,981 [Camel (camel-3) thread #1 - file:///Users/june.wu/Desktop/cameltest/fileMove] INFO  route1 166 - {CamelFileAbsolute=true, CamelFileAbsolutePath=C:\Users\june.wu\Desktop\cameltest\fileMove\a.txt, CamelFileLastModified=1669271199421, CamelFileLength=11, CamelFileName=a.txt, CamelFileNameConsumed=a.txt, CamelFileNameOnly=a.txt, CamelFileParent=C:\Users\june.wu\Desktop\cameltest\fileMove, CamelFilePath=C:\Users\june.wu\Desktop\cameltest\fileMove\a.txt, CamelFileRelativePath=a.txt, CamelMessageTimestamp=1669271199421}
2022-11-25 12:01:43,983 [Camel (camel-3) thread #1 - file:///Users/june.wu/Desktop/cameltest/fileMove] INFO  route1 166 - 哈囉~~~~~
2022-11-25 12:01:43,987 [Camel (camel-3) thread #1 - file:///Users/june.wu/Desktop/cameltest/fileMove] INFO  route1 166 - {CamelFileAbsolute=true, CamelFileAbsolutePath=C:\Users\june.wu\Desktop\cameltest\fileMove\abc1.txt - 複製.txt, CamelFileLastModified=1669010181844, CamelFileLength=13, CamelFileName=abc1.txt - 複製.txt, CamelFileNameConsumed=abc1.txt - 複製.txt, CamelFileNameOnly=abc1.txt - 複製.txt, CamelFileParent=C:\Users\june.wu\Desktop\cameltest\fileMove, CamelFilePath=C:\Users\june.wu\Desktop\cameltest\fileMove\abc1.txt - 複製.txt, CamelFileRelativePath=abc1.txt - 複製.txt, CamelMessageTimestamp=1669010181844}
2022-11-25 12:01:43,988 [Camel (camel-3) thread #1 - file:///Users/june.wu/Desktop/cameltest/fileMove] INFO  route1 166 - hello 123 456
2022-11-25 12:01:43,990 [Camel (camel-3) thread #1 - file:///Users/june.wu/Desktop/cameltest/fileMove] INFO  route1 166 - {CamelFileAbsolute=true, CamelFileAbsolutePath=C:\Users\june.wu\Desktop\cameltest\fileMove\abc1.txt.txt, CamelFileLastModified=1669010181844, CamelFileLength=13, CamelFileName=abc1.txt.txt, CamelFileNameConsumed=abc1.txt.txt, CamelFileNameOnly=abc1.txt.txt, CamelFileParent=C:\Users\june.wu\Desktop\cameltest\fileMove, CamelFilePath=C:\Users\june.wu\Desktop\cameltest\fileMove\abc1.txt.txt, CamelFileRelativePath=abc1.txt.txt, CamelMessageTimestamp=1669010181844}
2022-11-25 12:01:43,990 [Camel (camel-3) thread #1 - file:///Users/june.wu/Desktop/cameltest/fileMove] INFO  route1 166 - hello 123 456
2022-11-25 12:01:43,992 [Camel (camel-3) thread #1 - file:///Users/june.wu/Desktop/cameltest/fileMove] INFO  route1 166 - {CamelFileAbsolute=true, CamelFileAbsolutePath=C:\Users\june.wu\Desktop\cameltest\fileMove\b.txt, CamelFileLastModified=1669271199421, CamelFileLength=11, CamelFileName=b.txt, CamelFileNameConsumed=b.txt, CamelFileNameOnly=b.txt, CamelFileParent=C:\Users\june.wu\Desktop\cameltest\fileMove, CamelFilePath=C:\Users\june.wu\Desktop\cameltest\fileMove\b.txt, CamelFileRelativePath=b.txt, CamelMessageTimestamp=1669271199421}
2022-11-25 12:01:43,992 [Camel (camel-3) thread #1 - file:///Users/june.wu/Desktop/cameltest/fileMove] INFO  route1 166 - 哈囉~~~~~
2022-11-25 12:01:43,994 [Camel (camel-3) thread #1 - file:///Users/june.wu/Desktop/cameltest/fileMove] INFO  route1 166 - {CamelFileAbsolute=true, CamelFileAbsolutePath=C:\Users\june.wu\Desktop\cameltest\fileMove\hi.txt.txt, CamelFileLastModified=1669017289161, CamelFileLength=17, CamelFileName=hi.txt.txt, CamelFileNameConsumed=hi.txt.txt, CamelFileNameOnly=hi.txt.txt, CamelFileParent=C:\Users\june.wu\Desktop\cameltest\fileMove, CamelFilePath=C:\Users\june.wu\Desktop\cameltest\fileMove\hi.txt.txt, CamelFileRelativePath=hi.txt.txt, CamelMessageTimestamp=1669017289161}
2022-11-25 12:01:43,995 [Camel (camel-3) thread #1 - file:///Users/june.wu/Desktop/cameltest/fileMove] INFO  route1 166 - hello 123 456 789
2022-11-25 12:01:43,996 [Camel (camel-3) thread #1 - file:///Users/june.wu/Desktop/cameltest/fileMove] INFO  route1 166 - {CamelFileAbsolute=true, CamelFileAbsolutePath=C:\Users\june.wu\Desktop\cameltest\fileMove\testapi1123-2.txt, CamelFileLastModified=1669262580064, CamelFileLength=732, CamelFileName=testapi1123-2.txt, CamelFileNameConsumed=testapi1123-2.txt, CamelFileNameOnly=testapi1123-2.txt, CamelFileParent=C:\Users\june.wu\Desktop\cameltest\fileMove, CamelFilePath=C:\Users\june.wu\Desktop\cameltest\fileMove\testapi1123-2.txt, CamelFileRelativePath=testapi1123-2.txt, CamelMessageTimestamp=1669262580064}
2022-11-25 12:01:43,997 [Camel (camel-3) thread #1 - file:///Users/june.wu/Desktop/cameltest/fileMove] INFO  route1 166 - 1234567890123456789012345678901234567890123456789012345678901234567890123456789012345678901234567890
123456789012345678901234567890123456789012345678901234567890123456789012345678901234567890123456789012345678901234567890123456789012345678901234567890123456789012345678901234567890123456789012345678901234567890123456789012345678901234567890123456789012345678901234567890123456789012345678901234567890123456789012345678901234567890123456789012345678901234567890123456789012345678901234567890123456789012345678901234567890123456789012345678901234567890123456789012345678901234567890123456789012345678901234567890123456789012345678901234567890123456789012345678901234567890123456789012345678901234567890123456789012345678901234567890
2022-11-25 12:01:43,999 [Camel (camel-3) thread #1 - file:///Users/june.wu/Desktop/cameltest/fileMove] INFO  route1 166 - {CamelFileAbsolute=true, CamelFileAbsolutePath=C:\Users\june.wu\Desktop\cameltest\fileMove\testapi1123.txt, CamelFileLastModified=1669262580064, CamelFileLength=732, CamelFileName=testapi1123.txt, CamelFileNameConsumed=testapi1123.txt, CamelFileNameOnly=testapi1123.txt, CamelFileParent=C:\Users\june.wu\Desktop\cameltest\fileMove, CamelFilePath=C:\Users\june.wu\Desktop\cameltest\fileMove\testapi1123.txt, CamelFileRelativePath=testapi1123.txt, CamelMessageTimestamp=1669262580064}
2022-11-25 12:01:43,999 [Camel (camel-3) thread #1 - file:///Users/june.wu/Desktop/cameltest/fileMove] INFO  route1 166 - 1234567890123456789012345678901234567890123456789012345678901234567890123456789012345678901234567890
123456789012345678901234567890123456789012345678901234567890123456789012345678901234567890123456789012345678901234567890123456789012345678901234567890123456789012345678901234567890123456789012345678901234567890123456789012345678901234567890123456789012345678901234567890123456789012345678901234567890123456789012345678901234567890123456789012345678901234567890123456789012345678901234567890123456789012345678901234567890123456789012345678901234567890123456789012345678901234567890123456789012345678901234567890123456789012345678901234567890123456789012345678901234567890123456789012345678901234567890123456789012345678901234567890
2022-11-25 12:01:49,952 [SpringApplicationShutdownHook] INFO  o.a.c.i.engine.AbstractCamelContext 3386 - Apache Camel 3.17.0 (camel-2) shutting down (timeout:45s)
2022-11-25 12:01:49,953 [SpringApplicationShutdownHook] INFO  o.a.c.i.engine.AbstractCamelContext 166 - Routes stopped (total:0 stopped:0)
2022-11-25 12:01:49,954 [SpringApplicationShutdownHook] INFO  o.a.c.i.engine.AbstractCamelContext 3525 - Apache Camel 3.17.0 (camel-2) shutdown in 2ms (uptime:7s166ms)
2022-11-25 12:03:21,493 [main] ERROR o.s.boot.SpringApplication 835 - Application run failed
java.lang.IllegalStateException: java.lang.IllegalStateException: Logback configuration error detected: 
ERROR in ch.qos.logback.core.joran.spi.Interpreter@15:11 - no applicable action for [File], current ElementPath  is [[configuration][appender][rollingPolicy][File]]
	at org.springframework.boot.context.logging.LoggingApplicationListener.initializeSystem(LoggingApplicationListener.java:344)
	at org.springframework.boot.context.logging.LoggingApplicationListener.initialize(LoggingApplicationListener.java:298)
	at org.springframework.boot.context.logging.LoggingApplicationListener.onApplicationEnvironmentPreparedEvent(LoggingApplicationListener.java:246)
	at org.springframework.boot.context.logging.LoggingApplicationListener.onApplicationEvent(LoggingApplicationListener.java:223)
	at org.springframework.context.event.SimpleApplicationEventMulticaster.doInvokeListener(SimpleApplicationEventMulticaster.java:176)
	at org.springframework.context.event.SimpleApplicationEventMulticaster.invokeListener(SimpleApplicationEventMulticaster.java:169)
	at org.springframework.context.event.SimpleApplicationEventMulticaster.multicastEvent(SimpleApplicationEventMulticaster.java:143)
	at org.springframework.context.event.SimpleApplicationEventMulticaster.multicastEvent(SimpleApplicationEventMulticaster.java:131)
	at org.springframework.boot.context.event.EventPublishingRunListener.environmentPrepared(EventPublishingRunListener.java:85)
	at org.springframework.boot.SpringApplicationRunListeners.lambda$environmentPrepared$2(SpringApplicationRunListeners.java:66)
	at java.base/java.util.ArrayList.forEach(Unknown Source)
	at org.springframework.boot.SpringApplicationRunListeners.doWithListeners(SpringApplicationRunListeners.java:120)
	at org.springframework.boot.SpringApplicationRunListeners.doWithListeners(SpringApplicationRunListeners.java:114)
	at org.springframework.boot.SpringApplicationRunListeners.environmentPrepared(SpringApplicationRunListeners.java:65)
	at org.springframework.boot.SpringApplication.prepareEnvironment(SpringApplication.java:343)
	at org.springframework.boot.SpringApplication.run(SpringApplication.java:301)
	at org.springframework.boot.SpringApplication.run(SpringApplication.java:1317)
	at org.springframework.boot.SpringApplication.run(SpringApplication.java:1306)
	at com.example.demo.DemoApplication.main(DemoApplication.java:10)
Caused by: java.lang.IllegalStateException: Logback configuration error detected: 
ERROR in ch.qos.logback.core.joran.spi.Interpreter@15:11 - no applicable action for [File], current ElementPath  is [[configuration][appender][rollingPolicy][File]]
	at org.springframework.boot.logging.logback.LogbackLoggingSystem.loadConfiguration(LogbackLoggingSystem.java:179)
	at org.springframework.boot.logging.AbstractLoggingSystem.initializeWithConventions(AbstractLoggingSystem.java:80)
	at org.springframework.boot.logging.AbstractLoggingSystem.initialize(AbstractLoggingSystem.java:60)
	at org.springframework.boot.logging.logback.LogbackLoggingSystem.initialize(LogbackLoggingSystem.java:132)
	at org.springframework.boot.context.logging.LoggingApplicationListener.initializeSystem(LoggingApplicationListener.java:329)
	... 18 common frames omitted
2022-11-25 12:03:35,316 [main] ERROR o.s.boot.SpringApplication 835 - Application run failed
java.lang.IllegalStateException: java.lang.IllegalStateException: Logback configuration error detected: 
ERROR in ch.qos.logback.core.joran.spi.Interpreter@15:11 - no applicable action for [File], current ElementPath  is [[configuration][appender][rollingPolicy][File]]
	at org.springframework.boot.context.logging.LoggingApplicationListener.initializeSystem(LoggingApplicationListener.java:344)
	at org.springframework.boot.context.logging.LoggingApplicationListener.initialize(LoggingApplicationListener.java:298)
	at org.springframework.boot.context.logging.LoggingApplicationListener.onApplicationEnvironmentPreparedEvent(LoggingApplicationListener.java:246)
	at org.springframework.boot.context.logging.LoggingApplicationListener.onApplicationEvent(LoggingApplicationListener.java:223)
	at org.springframework.context.event.SimpleApplicationEventMulticaster.doInvokeListener(SimpleApplicationEventMulticaster.java:176)
	at org.springframework.context.event.SimpleApplicationEventMulticaster.invokeListener(SimpleApplicationEventMulticaster.java:169)
	at org.springframework.context.event.SimpleApplicationEventMulticaster.multicastEvent(SimpleApplicationEventMulticaster.java:143)
	at org.springframework.context.event.SimpleApplicationEventMulticaster.multicastEvent(SimpleApplicationEventMulticaster.java:131)
	at org.springframework.boot.context.event.EventPublishingRunListener.environmentPrepared(EventPublishingRunListener.java:85)
	at org.springframework.boot.SpringApplicationRunListeners.lambda$environmentPrepared$2(SpringApplicationRunListeners.java:66)
	at java.base/java.util.ArrayList.forEach(Unknown Source)
	at org.springframework.boot.SpringApplicationRunListeners.doWithListeners(SpringApplicationRunListeners.java:120)
	at org.springframework.boot.SpringApplicationRunListeners.doWithListeners(SpringApplicationRunListeners.java:114)
	at org.springframework.boot.SpringApplicationRunListeners.environmentPrepared(SpringApplicationRunListeners.java:65)
	at org.springframework.boot.SpringApplication.prepareEnvironment(SpringApplication.java:343)
	at org.springframework.boot.SpringApplication.run(SpringApplication.java:301)
	at org.springframework.boot.SpringApplication.run(SpringApplication.java:1317)
	at org.springframework.boot.SpringApplication.run(SpringApplication.java:1306)
	at com.example.demo.DemoApplication.main(DemoApplication.java:10)
Caused by: java.lang.IllegalStateException: Logback configuration error detected: 
ERROR in ch.qos.logback.core.joran.spi.Interpreter@15:11 - no applicable action for [File], current ElementPath  is [[configuration][appender][rollingPolicy][File]]
	at org.springframework.boot.logging.logback.LogbackLoggingSystem.loadConfiguration(LogbackLoggingSystem.java:179)
	at org.springframework.boot.logging.AbstractLoggingSystem.initializeWithConventions(AbstractLoggingSystem.java:80)
	at org.springframework.boot.logging.AbstractLoggingSystem.initialize(AbstractLoggingSystem.java:60)
	at org.springframework.boot.logging.logback.LogbackLoggingSystem.initialize(LogbackLoggingSystem.java:132)
	at org.springframework.boot.context.logging.LoggingApplicationListener.initializeSystem(LoggingApplicationListener.java:329)
	... 18 common frames omitted
