2022-11-25 15:17:34,530 [main] ERROR Apps 93 - Failed to create route route1 at: >>> To[jdbc:dbSource] <<< in route: Route(route1)[From[timer://foo?repeatCount=1] -> [SetBody[co... because of No endpoint could be found for: jdbc://dbSource, please check your classpath contains the needed Camel component jar.
2022-11-25 15:23:29,012 [main] ERROR Apps 92 - Failed to create route route1 at: >>> To[jdbc:dbSource] <<< in route: Route(route1)[From[timer://foo?repeatCount=1] -> [SetBody[co... because of No endpoint could be found for: jdbc://dbSource, please check your classpath contains the needed Camel component jar.
2022-11-25 15:24:44,706 [main] ERROR Apps 92 - Failed to create route route1 at: >>> To[jdbc:dbSource] <<< in route: Route(route1)[From[timer://foo?repeatCount=1] -> [SetBody[co... because of No endpoint could be found for: jdbc://dbSource, please check your classpath contains the needed Camel component jar.
2022-11-25 15:50:48,351 [main] ERROR o.s.boot.SpringApplication 835 - Application run failed
java.lang.IllegalStateException: Error processing condition on org.apache.camel.spring.boot.vault.AzureVaultAutoConfiguration
	at org.springframework.boot.autoconfigure.condition.SpringBootCondition.matches(SpringBootCondition.java:60)
	at org.springframework.context.annotation.ConditionEvaluator.shouldSkip(ConditionEvaluator.java:108)
	at org.springframework.context.annotation.ConfigurationClassBeanDefinitionReader$TrackedConditionEvaluator.shouldSkip(ConfigurationClassBeanDefinitionReader.java:489)
	at org.springframework.context.annotation.ConfigurationClassBeanDefinitionReader.loadBeanDefinitionsForConfigurationClass(ConfigurationClassBeanDefinitionReader.java:140)
	at org.springframework.context.annotation.ConfigurationClassBeanDefinitionReader.loadBeanDefinitions(ConfigurationClassBeanDefinitionReader.java:129)
	at org.springframework.context.annotation.ConfigurationClassPostProcessor.processConfigBeanDefinitions(ConfigurationClassPostProcessor.java:343)
	at org.springframework.context.annotation.ConfigurationClassPostProcessor.postProcessBeanDefinitionRegistry(ConfigurationClassPostProcessor.java:247)
	at org.springframework.context.support.PostProcessorRegistrationDelegate.invokeBeanDefinitionRegistryPostProcessors(PostProcessorRegistrationDelegate.java:311)
	at org.springframework.context.support.PostProcessorRegistrationDelegate.invokeBeanFactoryPostProcessors(PostProcessorRegistrationDelegate.java:112)
	at org.springframework.context.support.AbstractApplicationContext.invokeBeanFactoryPostProcessors(AbstractApplicationContext.java:746)
	at org.springframework.context.support.AbstractApplicationContext.refresh(AbstractApplicationContext.java:564)
	at org.springframework.boot.web.servlet.context.ServletWebServerApplicationContext.refresh(ServletWebServerApplicationContext.java:145)
	at org.springframework.boot.SpringApplication.refresh(SpringApplication.java:745)
	at org.springframework.boot.SpringApplication.refreshContext(SpringApplication.java:423)
	at org.springframework.boot.SpringApplication.run(SpringApplication.java:307)
	at org.springframework.boot.SpringApplication.run(SpringApplication.java:1317)
	at org.springframework.boot.SpringApplication.run(SpringApplication.java:1306)
	at com.example.demo.DemoApplication.main(DemoApplication.java:10)
Caused by: java.lang.IllegalStateException: Failed to introspect Class [org.apache.camel.spring.boot.vault.AwsVaultAutoConfiguration] from ClassLoader [jdk.internal.loader.ClassLoaders$AppClassLoader@22d8cfe0]
	at org.springframework.util.ReflectionUtils.getDeclaredMethods(ReflectionUtils.java:485)
	at org.springframework.util.ReflectionUtils.doWithMethods(ReflectionUtils.java:361)
	at org.springframework.util.ReflectionUtils.getUniqueDeclaredMethods(ReflectionUtils.java:418)
	at org.springframework.beans.factory.support.AbstractAutowireCapableBeanFactory.lambda$getTypeForFactoryMethod$2(AbstractAutowireCapableBeanFactory.java:765)
	at java.base/java.util.concurrent.ConcurrentHashMap.computeIfAbsent(Unknown Source)
	at org.springframework.beans.factory.support.AbstractAutowireCapableBeanFactory.getTypeForFactoryMethod(AbstractAutowireCapableBeanFactory.java:764)
	at org.springframework.beans.factory.support.AbstractAutowireCapableBeanFactory.determineTargetType(AbstractAutowireCapableBeanFactory.java:703)
	at org.springframework.beans.factory.support.AbstractAutowireCapableBeanFactory.predictBeanType(AbstractAutowireCapableBeanFactory.java:674)
	at org.springframework.beans.factory.support.AbstractBeanFactory.isFactoryBean(AbstractBeanFactory.java:1684)
	at org.springframework.beans.factory.support.DefaultListableBeanFactory.doGetBeanNamesForType(DefaultListableBeanFactory.java:570)
	at org.springframework.beans.factory.support.DefaultListableBeanFactory.getBeanNamesForType(DefaultListableBeanFactory.java:542)
	at org.springframework.boot.autoconfigure.condition.OnBeanCondition.collectBeanNamesForType(OnBeanCondition.java:250)
	at org.springframework.boot.autoconfigure.condition.OnBeanCondition.getBeanNamesForType(OnBeanCondition.java:243)
	at org.springframework.boot.autoconfigure.condition.OnBeanCondition.getBeanNamesForType(OnBeanCondition.java:233)
	at org.springframework.boot.autoconfigure.condition.OnBeanCondition.getMatchingBeans(OnBeanCondition.java:181)
	at org.springframework.boot.autoconfigure.condition.OnBeanCondition.getMatchOutcome(OnBeanCondition.java:119)
	at org.springframework.boot.autoconfigure.condition.SpringBootCondition.matches(SpringBootCondition.java:47)
	... 17 common frames omitted
Caused by: java.lang.NoClassDefFoundError: org/apache/camel/vault/AwsVaultConfiguration
	at java.base/java.lang.Class.getDeclaredMethods0(Native Method)
	at java.base/java.lang.Class.privateGetDeclaredMethods(Unknown Source)
	at java.base/java.lang.Class.getDeclaredMethods(Unknown Source)
	at org.springframework.util.ReflectionUtils.getDeclaredMethods(ReflectionUtils.java:467)
	... 33 common frames omitted
Caused by: java.lang.ClassNotFoundException: org.apache.camel.vault.AwsVaultConfiguration
	at java.base/jdk.internal.loader.BuiltinClassLoader.loadClass(Unknown Source)
	at java.base/jdk.internal.loader.ClassLoaders$AppClassLoader.loadClass(Unknown Source)
	at java.base/java.lang.ClassLoader.loadClass(Unknown Source)
	... 37 common frames omitted
2022-11-25 16:00:36,161 [main] ERROR Apps 94 - Failed to create route route1 at: >>> To[jdbc:dbSource] <<< in route: Route(route1)[From[timer://foo?repeatCount=1] -> [SetBody[co... because of Failed to resolve endpoint: jdbc://dbSource due to: No bean could be found in the registry for: dbSource of type: javax.sql.DataSource
2022-11-25 16:01:58,779 [main] ERROR Apps 94 - Failed to create route route1 at: >>> To[jdbc:datasource] <<< in route: Route(route1)[From[timer://foo?repeatCount=1] -> [SetBody[co... because of Failed to resolve endpoint: jdbc://datasource due to: No default DataSource found in the registry
2022-11-25 16:09:30,434 [main] ERROR Apps 94 - Failed to create route route1 at: >>> To[jdbc:sqlserver] <<< in route: Route(route1)[From[timer://foo?repeatCount=1] -> [SetBody[co... because of Failed to resolve endpoint: jdbc://sqlserver due to: No bean could be found in the registry for: sqlserver of type: javax.sql.DataSource
2022-11-25 16:25:32,413 [main] ERROR Apps 94 - Failed to create route route1 at: >>> To[jdbc:datasource:sqlserver] <<< in route: Route(route1)[From[timer://foo?repeatCount=1] -> [SetBody[co... because of Failed to resolve endpoint: jdbc://datasource:sqlserver due to: No bean could be found in the registry for: datasource:sqlserver of type: javax.sql.DataSource
2022-11-25 16:31:27,139 [main] ERROR Apps 94 - Failed to create route route1 at: >>> To[jdbc:dataSource] <<< in route: Route(route1)[From[timer://foo?repeatCount=1] -> [SetBody[co... because of Failed to resolve endpoint: jdbc://dataSource due to: No default DataSource found in the registry
