2022-11-25 12:04:51,920 [main] INFO  com.example.demo.DemoApplication 55 - Starting DemoApplication using Java 17.0.4.1 on June4693-450G7 with PID 26756 (C:\Users\june.wu\Documents\GitHub\cameldemo1123_multifn\spring1124_multifn\demo\target\classes started by June.Wu in C:\Users\june.wu\Documents\GitHub\cameldemo1123_multifn\spring1124_multifn\demo)
2022-11-25 12:04:51,925 [main] INFO  com.example.demo.DemoApplication 645 - No active profile set, falling back to 1 default profile: "default"
2022-11-25 12:04:53,303 [main] INFO  o.s.b.w.e.tomcat.TomcatWebServer 108 - Tomcat initialized with port(s): 8080 (http)
2022-11-25 12:04:53,321 [main] INFO  o.a.coyote.http11.Http11NioProtocol 173 - Initializing ProtocolHandler ["http-nio-8080"]
2022-11-25 12:04:53,333 [main] INFO  o.a.catalina.core.StandardService 173 - Starting service [Tomcat]
2022-11-25 12:04:53,334 [main] INFO  o.a.catalina.core.StandardEngine 173 - Starting Servlet engine: [Apache Tomcat/9.0.69]
2022-11-25 12:04:53,502 [main] INFO  o.a.c.c.C.[Tomcat].[localhost].[/] 173 - Initializing Spring embedded WebApplicationContext
2022-11-25 12:04:53,502 [main] INFO  o.s.b.w.s.c.ServletWebServerApplicationContext 290 - Root WebApplicationContext: initialization completed in 1524 ms
2022-11-25 12:04:54,265 [main] INFO  o.a.coyote.http11.Http11NioProtocol 173 - Starting ProtocolHandler ["http-nio-8080"]
2022-11-25 12:04:54,291 [main] INFO  o.s.b.w.e.tomcat.TomcatWebServer 220 - Tomcat started on port(s): 8080 (http) with context path ''
2022-11-25 12:04:54,358 [main] INFO  o.a.c.i.engine.AbstractCamelContext 3004 - Apache Camel 3.17.0 (camel-2) is starting
2022-11-25 12:04:54,365 [main] INFO  o.a.c.i.engine.AbstractCamelContext 3165 - Routes startup (total:0 started:0)
2022-11-25 12:04:54,366 [main] INFO  o.a.c.i.engine.AbstractCamelContext 3194 - Apache Camel 3.17.0 (camel-2) started in 71ms (build:11ms init:54ms start:6ms)
2022-11-25 12:04:54,372 [main] INFO  com.example.demo.DemoApplication 61 - Started DemoApplication in 2.881 seconds (JVM running for 3.407)
2022-11-25 12:04:54,378 [main] ERROR com.example.demo.Camel 17 - 哈囉
2022-11-25 12:04:54,511 [main] INFO  o.a.c.component.file.FileEndpoint 126 - Endpoint is configured with noop=true so forcing endpoint to be idempotent as well
2022-11-25 12:04:54,511 [main] INFO  o.a.c.component.file.FileEndpoint 132 - Using default memory based idempotent repository with cache max size: 1000
2022-11-25 12:04:54,514 [main] INFO  o.a.c.i.engine.AbstractCamelContext 3004 - Apache Camel 3.17.0 (camel-3) is starting
2022-11-25 12:04:54,530 [main] INFO  o.a.c.i.engine.AbstractCamelContext 3165 - Routes startup (total:1 started:1)
2022-11-25 12:04:54,530 [main] INFO  o.a.c.i.engine.AbstractCamelContext 3170 -     Started route1 (file:///Users/june.wu/Desktop/cameltest/fileMove)
2022-11-25 12:04:54,530 [main] INFO  o.a.c.i.engine.AbstractCamelContext 3194 - Apache Camel 3.17.0 (camel-3) started in 119ms (build:3ms init:100ms start:16ms)
2022-11-25 12:04:55,542 [Camel (camel-3) thread #1 - file:///Users/june.wu/Desktop/cameltest/fileMove] INFO  route1 166 - {CamelFileAbsolute=true, CamelFileAbsolutePath=C:\Users\june.wu\Desktop\cameltest\fileMove\a.txt, CamelFileLastModified=1669271199421, CamelFileLength=11, CamelFileName=a.txt, CamelFileNameConsumed=a.txt, CamelFileNameOnly=a.txt, CamelFileParent=C:\Users\june.wu\Desktop\cameltest\fileMove, CamelFilePath=C:\Users\june.wu\Desktop\cameltest\fileMove\a.txt, CamelFileRelativePath=a.txt, CamelMessageTimestamp=1669271199421}
2022-11-25 12:04:55,543 [Camel (camel-3) thread #1 - file:///Users/june.wu/Desktop/cameltest/fileMove] INFO  route1 166 - 哈囉~~~~~
2022-11-25 12:04:55,547 [Camel (camel-3) thread #1 - file:///Users/june.wu/Desktop/cameltest/fileMove] INFO  route1 166 - {CamelFileAbsolute=true, CamelFileAbsolutePath=C:\Users\june.wu\Desktop\cameltest\fileMove\abc1.txt - 複製.txt, CamelFileLastModified=1669010181844, CamelFileLength=13, CamelFileName=abc1.txt - 複製.txt, CamelFileNameConsumed=abc1.txt - 複製.txt, CamelFileNameOnly=abc1.txt - 複製.txt, CamelFileParent=C:\Users\june.wu\Desktop\cameltest\fileMove, CamelFilePath=C:\Users\june.wu\Desktop\cameltest\fileMove\abc1.txt - 複製.txt, CamelFileRelativePath=abc1.txt - 複製.txt, CamelMessageTimestamp=1669010181844}
2022-11-25 12:04:55,548 [Camel (camel-3) thread #1 - file:///Users/june.wu/Desktop/cameltest/fileMove] INFO  route1 166 - hello 123 456
2022-11-25 12:04:55,550 [Camel (camel-3) thread #1 - file:///Users/june.wu/Desktop/cameltest/fileMove] INFO  route1 166 - {CamelFileAbsolute=true, CamelFileAbsolutePath=C:\Users\june.wu\Desktop\cameltest\fileMove\abc1.txt.txt, CamelFileLastModified=1669010181844, CamelFileLength=13, CamelFileName=abc1.txt.txt, CamelFileNameConsumed=abc1.txt.txt, CamelFileNameOnly=abc1.txt.txt, CamelFileParent=C:\Users\june.wu\Desktop\cameltest\fileMove, CamelFilePath=C:\Users\june.wu\Desktop\cameltest\fileMove\abc1.txt.txt, CamelFileRelativePath=abc1.txt.txt, CamelMessageTimestamp=1669010181844}
2022-11-25 12:04:55,550 [Camel (camel-3) thread #1 - file:///Users/june.wu/Desktop/cameltest/fileMove] INFO  route1 166 - hello 123 456
2022-11-25 12:04:55,552 [Camel (camel-3) thread #1 - file:///Users/june.wu/Desktop/cameltest/fileMove] INFO  route1 166 - {CamelFileAbsolute=true, CamelFileAbsolutePath=C:\Users\june.wu\Desktop\cameltest\fileMove\b.txt, CamelFileLastModified=1669271199421, CamelFileLength=11, CamelFileName=b.txt, CamelFileNameConsumed=b.txt, CamelFileNameOnly=b.txt, CamelFileParent=C:\Users\june.wu\Desktop\cameltest\fileMove, CamelFilePath=C:\Users\june.wu\Desktop\cameltest\fileMove\b.txt, CamelFileRelativePath=b.txt, CamelMessageTimestamp=1669271199421}
2022-11-25 12:04:55,553 [Camel (camel-3) thread #1 - file:///Users/june.wu/Desktop/cameltest/fileMove] INFO  route1 166 - 哈囉~~~~~
2022-11-25 12:04:55,555 [Camel (camel-3) thread #1 - file:///Users/june.wu/Desktop/cameltest/fileMove] INFO  route1 166 - {CamelFileAbsolute=true, CamelFileAbsolutePath=C:\Users\june.wu\Desktop\cameltest\fileMove\hi.txt.txt, CamelFileLastModified=1669017289161, CamelFileLength=17, CamelFileName=hi.txt.txt, CamelFileNameConsumed=hi.txt.txt, CamelFileNameOnly=hi.txt.txt, CamelFileParent=C:\Users\june.wu\Desktop\cameltest\fileMove, CamelFilePath=C:\Users\june.wu\Desktop\cameltest\fileMove\hi.txt.txt, CamelFileRelativePath=hi.txt.txt, CamelMessageTimestamp=1669017289161}
2022-11-25 12:04:55,555 [Camel (camel-3) thread #1 - file:///Users/june.wu/Desktop/cameltest/fileMove] INFO  route1 166 - hello 123 456 789
2022-11-25 12:04:55,557 [Camel (camel-3) thread #1 - file:///Users/june.wu/Desktop/cameltest/fileMove] INFO  route1 166 - {CamelFileAbsolute=true, CamelFileAbsolutePath=C:\Users\june.wu\Desktop\cameltest\fileMove\testapi1123-2.txt, CamelFileLastModified=1669262580064, CamelFileLength=732, CamelFileName=testapi1123-2.txt, CamelFileNameConsumed=testapi1123-2.txt, CamelFileNameOnly=testapi1123-2.txt, CamelFileParent=C:\Users\june.wu\Desktop\cameltest\fileMove, CamelFilePath=C:\Users\june.wu\Desktop\cameltest\fileMove\testapi1123-2.txt, CamelFileRelativePath=testapi1123-2.txt, CamelMessageTimestamp=1669262580064}
2022-11-25 12:04:55,558 [Camel (camel-3) thread #1 - file:///Users/june.wu/Desktop/cameltest/fileMove] INFO  route1 166 - 1234567890123456789012345678901234567890123456789012345678901234567890123456789012345678901234567890
123456789012345678901234567890123456789012345678901234567890123456789012345678901234567890123456789012345678901234567890123456789012345678901234567890123456789012345678901234567890123456789012345678901234567890123456789012345678901234567890123456789012345678901234567890123456789012345678901234567890123456789012345678901234567890123456789012345678901234567890123456789012345678901234567890123456789012345678901234567890123456789012345678901234567890123456789012345678901234567890123456789012345678901234567890123456789012345678901234567890123456789012345678901234567890123456789012345678901234567890123456789012345678901234567890
2022-11-25 12:04:55,559 [Camel (camel-3) thread #1 - file:///Users/june.wu/Desktop/cameltest/fileMove] INFO  route1 166 - {CamelFileAbsolute=true, CamelFileAbsolutePath=C:\Users\june.wu\Desktop\cameltest\fileMove\testapi1123.txt, CamelFileLastModified=1669262580064, CamelFileLength=732, CamelFileName=testapi1123.txt, CamelFileNameConsumed=testapi1123.txt, CamelFileNameOnly=testapi1123.txt, CamelFileParent=C:\Users\june.wu\Desktop\cameltest\fileMove, CamelFilePath=C:\Users\june.wu\Desktop\cameltest\fileMove\testapi1123.txt, CamelFileRelativePath=testapi1123.txt, CamelMessageTimestamp=1669262580064}
2022-11-25 12:04:55,560 [Camel (camel-3) thread #1 - file:///Users/june.wu/Desktop/cameltest/fileMove] INFO  route1 166 - 1234567890123456789012345678901234567890123456789012345678901234567890123456789012345678901234567890
123456789012345678901234567890123456789012345678901234567890123456789012345678901234567890123456789012345678901234567890123456789012345678901234567890123456789012345678901234567890123456789012345678901234567890123456789012345678901234567890123456789012345678901234567890123456789012345678901234567890123456789012345678901234567890123456789012345678901234567890123456789012345678901234567890123456789012345678901234567890123456789012345678901234567890123456789012345678901234567890123456789012345678901234567890123456789012345678901234567890123456789012345678901234567890123456789012345678901234567890123456789012345678901234567890
2022-11-25 12:05:04,541 [main] INFO  o.a.c.i.engine.AbstractCamelContext 3386 - Apache Camel 3.17.0 (camel-3) shutting down (timeout:45s)
2022-11-25 12:05:04,546 [main] INFO  o.a.c.i.engine.AbstractCamelContext 166 - Routes stopped (total:1 stopped:1)
2022-11-25 12:05:04,546 [main] INFO  o.a.c.i.engine.AbstractCamelContext 166 -     Stopped route1 (file:///Users/june.wu/Desktop/cameltest/fileMove)
2022-11-25 12:05:04,547 [main] INFO  o.a.c.i.engine.AbstractCamelContext 3525 - Apache Camel 3.17.0 (camel-3) shutdown in 6ms (uptime:10s33ms)
2022-11-25 12:05:04,547 [main] INFO  com.example.demo.Camel 41 - finally!
2022-11-25 12:05:05,987 [SpringApplicationShutdownHook] INFO  o.a.c.i.engine.AbstractCamelContext 3386 - Apache Camel 3.17.0 (camel-2) shutting down (timeout:45s)
2022-11-25 12:05:05,987 [SpringApplicationShutdownHook] INFO  o.a.c.i.engine.AbstractCamelContext 166 - Routes stopped (total:0 stopped:0)
2022-11-25 12:05:05,987 [SpringApplicationShutdownHook] INFO  o.a.c.i.engine.AbstractCamelContext 3525 - Apache Camel 3.17.0 (camel-2) shutdown in 0ms (uptime:11s627ms)
2022-11-25 12:05:28,657 [main] INFO  com.example.demo.DemoApplication 55 - Starting DemoApplication using Java 17.0.4.1 on June4693-450G7 with PID 16928 (C:\Users\june.wu\Documents\GitHub\cameldemo1123_multifn\spring1124_multifn\demo\target\classes started by June.Wu in C:\Users\june.wu\Documents\GitHub\cameldemo1123_multifn\spring1124_multifn\demo)
2022-11-25 12:05:28,661 [main] INFO  com.example.demo.DemoApplication 645 - No active profile set, falling back to 1 default profile: "default"
2022-11-25 12:05:30,074 [main] INFO  o.s.b.w.e.tomcat.TomcatWebServer 108 - Tomcat initialized with port(s): 8080 (http)
2022-11-25 12:05:30,084 [main] INFO  o.a.coyote.http11.Http11NioProtocol 173 - Initializing ProtocolHandler ["http-nio-8080"]
2022-11-25 12:05:30,085 [main] INFO  o.a.catalina.core.StandardService 173 - Starting service [Tomcat]
2022-11-25 12:05:30,085 [main] INFO  o.a.catalina.core.StandardEngine 173 - Starting Servlet engine: [Apache Tomcat/9.0.69]
2022-11-25 12:05:30,231 [main] INFO  o.a.c.c.C.[Tomcat].[localhost].[/] 173 - Initializing Spring embedded WebApplicationContext
2022-11-25 12:05:30,231 [main] INFO  o.s.b.w.s.c.ServletWebServerApplicationContext 290 - Root WebApplicationContext: initialization completed in 1519 ms
2022-11-25 12:05:31,034 [main] INFO  o.a.coyote.http11.Http11NioProtocol 173 - Starting ProtocolHandler ["http-nio-8080"]
2022-11-25 12:05:31,065 [main] INFO  o.s.b.w.e.tomcat.TomcatWebServer 220 - Tomcat started on port(s): 8080 (http) with context path ''
2022-11-25 12:05:31,145 [main] INFO  o.a.c.i.engine.AbstractCamelContext 3004 - Apache Camel 3.17.0 (camel-2) is starting
2022-11-25 12:05:31,151 [main] INFO  o.a.c.i.engine.AbstractCamelContext 3165 - Routes startup (total:0 started:0)
2022-11-25 12:05:31,152 [main] INFO  o.a.c.i.engine.AbstractCamelContext 3194 - Apache Camel 3.17.0 (camel-2) started in 82ms (build:11ms init:65ms start:6ms)
2022-11-25 12:05:31,159 [main] INFO  com.example.demo.DemoApplication 61 - Started DemoApplication in 2.988 seconds (JVM running for 3.68)
2022-11-25 12:05:31,167 [main] INFO  com.example.demo.Camel 17 - 哈囉
2022-11-25 12:05:31,320 [main] INFO  o.a.c.component.file.FileEndpoint 126 - Endpoint is configured with noop=true so forcing endpoint to be idempotent as well
2022-11-25 12:05:31,320 [main] INFO  o.a.c.component.file.FileEndpoint 132 - Using default memory based idempotent repository with cache max size: 1000
2022-11-25 12:05:31,323 [main] INFO  o.a.c.i.engine.AbstractCamelContext 3004 - Apache Camel 3.17.0 (camel-3) is starting
2022-11-25 12:05:31,342 [main] INFO  o.a.c.i.engine.AbstractCamelContext 3165 - Routes startup (total:1 started:1)
2022-11-25 12:05:31,342 [main] INFO  o.a.c.i.engine.AbstractCamelContext 3170 -     Started route1 (file:///Users/june.wu/Desktop/cameltest/fileMove)
2022-11-25 12:05:31,342 [main] INFO  o.a.c.i.engine.AbstractCamelContext 3194 - Apache Camel 3.17.0 (camel-3) started in 132ms (build:4ms init:109ms start:19ms)
2022-11-25 12:05:32,379 [Camel (camel-3) thread #1 - file:///Users/june.wu/Desktop/cameltest/fileMove] INFO  route1 166 - {CamelFileAbsolute=true, CamelFileAbsolutePath=C:\Users\june.wu\Desktop\cameltest\fileMove\a.txt, CamelFileLastModified=1669271199421, CamelFileLength=11, CamelFileName=a.txt, CamelFileNameConsumed=a.txt, CamelFileNameOnly=a.txt, CamelFileParent=C:\Users\june.wu\Desktop\cameltest\fileMove, CamelFilePath=C:\Users\june.wu\Desktop\cameltest\fileMove\a.txt, CamelFileRelativePath=a.txt, CamelMessageTimestamp=1669271199421}
2022-11-25 12:05:32,380 [Camel (camel-3) thread #1 - file:///Users/june.wu/Desktop/cameltest/fileMove] INFO  route1 166 - 哈囉~~~~~
2022-11-25 12:05:32,387 [Camel (camel-3) thread #1 - file:///Users/june.wu/Desktop/cameltest/fileMove] INFO  route1 166 - {CamelFileAbsolute=true, CamelFileAbsolutePath=C:\Users\june.wu\Desktop\cameltest\fileMove\abc1.txt - 複製.txt, CamelFileLastModified=1669010181844, CamelFileLength=13, CamelFileName=abc1.txt - 複製.txt, CamelFileNameConsumed=abc1.txt - 複製.txt, CamelFileNameOnly=abc1.txt - 複製.txt, CamelFileParent=C:\Users\june.wu\Desktop\cameltest\fileMove, CamelFilePath=C:\Users\june.wu\Desktop\cameltest\fileMove\abc1.txt - 複製.txt, CamelFileRelativePath=abc1.txt - 複製.txt, CamelMessageTimestamp=1669010181844}
2022-11-25 12:05:32,388 [Camel (camel-3) thread #1 - file:///Users/june.wu/Desktop/cameltest/fileMove] INFO  route1 166 - hello 123 456
2022-11-25 12:05:32,391 [Camel (camel-3) thread #1 - file:///Users/june.wu/Desktop/cameltest/fileMove] INFO  route1 166 - {CamelFileAbsolute=true, CamelFileAbsolutePath=C:\Users\june.wu\Desktop\cameltest\fileMove\abc1.txt.txt, CamelFileLastModified=1669010181844, CamelFileLength=13, CamelFileName=abc1.txt.txt, CamelFileNameConsumed=abc1.txt.txt, CamelFileNameOnly=abc1.txt.txt, CamelFileParent=C:\Users\june.wu\Desktop\cameltest\fileMove, CamelFilePath=C:\Users\june.wu\Desktop\cameltest\fileMove\abc1.txt.txt, CamelFileRelativePath=abc1.txt.txt, CamelMessageTimestamp=1669010181844}
2022-11-25 12:05:32,392 [Camel (camel-3) thread #1 - file:///Users/june.wu/Desktop/cameltest/fileMove] INFO  route1 166 - hello 123 456
2022-11-25 12:05:32,395 [Camel (camel-3) thread #1 - file:///Users/june.wu/Desktop/cameltest/fileMove] INFO  route1 166 - {CamelFileAbsolute=true, CamelFileAbsolutePath=C:\Users\june.wu\Desktop\cameltest\fileMove\b.txt, CamelFileLastModified=1669271199421, CamelFileLength=11, CamelFileName=b.txt, CamelFileNameConsumed=b.txt, CamelFileNameOnly=b.txt, CamelFileParent=C:\Users\june.wu\Desktop\cameltest\fileMove, CamelFilePath=C:\Users\june.wu\Desktop\cameltest\fileMove\b.txt, CamelFileRelativePath=b.txt, CamelMessageTimestamp=1669271199421}
2022-11-25 12:05:32,396 [Camel (camel-3) thread #1 - file:///Users/june.wu/Desktop/cameltest/fileMove] INFO  route1 166 - 哈囉~~~~~
2022-11-25 12:05:32,400 [Camel (camel-3) thread #1 - file:///Users/june.wu/Desktop/cameltest/fileMove] INFO  route1 166 - {CamelFileAbsolute=true, CamelFileAbsolutePath=C:\Users\june.wu\Desktop\cameltest\fileMove\hi.txt.txt, CamelFileLastModified=1669017289161, CamelFileLength=17, CamelFileName=hi.txt.txt, CamelFileNameConsumed=hi.txt.txt, CamelFileNameOnly=hi.txt.txt, CamelFileParent=C:\Users\june.wu\Desktop\cameltest\fileMove, CamelFilePath=C:\Users\june.wu\Desktop\cameltest\fileMove\hi.txt.txt, CamelFileRelativePath=hi.txt.txt, CamelMessageTimestamp=1669017289161}
2022-11-25 12:05:32,402 [Camel (camel-3) thread #1 - file:///Users/june.wu/Desktop/cameltest/fileMove] INFO  route1 166 - hello 123 456 789
2022-11-25 12:05:32,405 [Camel (camel-3) thread #1 - file:///Users/june.wu/Desktop/cameltest/fileMove] INFO  route1 166 - {CamelFileAbsolute=true, CamelFileAbsolutePath=C:\Users\june.wu\Desktop\cameltest\fileMove\testapi1123-2.txt, CamelFileLastModified=1669262580064, CamelFileLength=732, CamelFileName=testapi1123-2.txt, CamelFileNameConsumed=testapi1123-2.txt, CamelFileNameOnly=testapi1123-2.txt, CamelFileParent=C:\Users\june.wu\Desktop\cameltest\fileMove, CamelFilePath=C:\Users\june.wu\Desktop\cameltest\fileMove\testapi1123-2.txt, CamelFileRelativePath=testapi1123-2.txt, CamelMessageTimestamp=1669262580064}
2022-11-25 12:05:32,406 [Camel (camel-3) thread #1 - file:///Users/june.wu/Desktop/cameltest/fileMove] INFO  route1 166 - 1234567890123456789012345678901234567890123456789012345678901234567890123456789012345678901234567890
123456789012345678901234567890123456789012345678901234567890123456789012345678901234567890123456789012345678901234567890123456789012345678901234567890123456789012345678901234567890123456789012345678901234567890123456789012345678901234567890123456789012345678901234567890123456789012345678901234567890123456789012345678901234567890123456789012345678901234567890123456789012345678901234567890123456789012345678901234567890123456789012345678901234567890123456789012345678901234567890123456789012345678901234567890123456789012345678901234567890123456789012345678901234567890123456789012345678901234567890123456789012345678901234567890
2022-11-25 12:05:32,409 [Camel (camel-3) thread #1 - file:///Users/june.wu/Desktop/cameltest/fileMove] INFO  route1 166 - {CamelFileAbsolute=true, CamelFileAbsolutePath=C:\Users\june.wu\Desktop\cameltest\fileMove\testapi1123.txt, CamelFileLastModified=1669262580064, CamelFileLength=732, CamelFileName=testapi1123.txt, CamelFileNameConsumed=testapi1123.txt, CamelFileNameOnly=testapi1123.txt, CamelFileParent=C:\Users\june.wu\Desktop\cameltest\fileMove, CamelFilePath=C:\Users\june.wu\Desktop\cameltest\fileMove\testapi1123.txt, CamelFileRelativePath=testapi1123.txt, CamelMessageTimestamp=1669262580064}
2022-11-25 12:05:32,410 [Camel (camel-3) thread #1 - file:///Users/june.wu/Desktop/cameltest/fileMove] INFO  route1 166 - 1234567890123456789012345678901234567890123456789012345678901234567890123456789012345678901234567890
123456789012345678901234567890123456789012345678901234567890123456789012345678901234567890123456789012345678901234567890123456789012345678901234567890123456789012345678901234567890123456789012345678901234567890123456789012345678901234567890123456789012345678901234567890123456789012345678901234567890123456789012345678901234567890123456789012345678901234567890123456789012345678901234567890123456789012345678901234567890123456789012345678901234567890123456789012345678901234567890123456789012345678901234567890123456789012345678901234567890123456789012345678901234567890123456789012345678901234567890123456789012345678901234567890
2022-11-25 12:05:41,356 [main] INFO  o.a.c.i.engine.AbstractCamelContext 3386 - Apache Camel 3.17.0 (camel-3) shutting down (timeout:45s)
2022-11-25 12:05:41,361 [main] INFO  o.a.c.i.engine.AbstractCamelContext 166 - Routes stopped (total:1 stopped:1)
2022-11-25 12:05:41,361 [main] INFO  o.a.c.i.engine.AbstractCamelContext 166 -     Stopped route1 (file:///Users/june.wu/Desktop/cameltest/fileMove)
2022-11-25 12:05:41,362 [main] INFO  o.a.c.i.engine.AbstractCamelContext 3525 - Apache Camel 3.17.0 (camel-3) shutdown in 6ms (uptime:10s39ms)
2022-11-25 12:05:41,362 [main] INFO  com.example.demo.Camel 41 - finally!
